<?xml version="1.0" encoding="UTF-8"?>
<TestRun id="41a7d4b2-761a-4c7a-908d-639d5029908c" name="Nick@NICK-LAPTOP 2009-12-11 10:34:51" runUser="nick-laptop\Nick" xmlns="http://microsoft.com/schemas/VisualStudio/TeamTest/2006">
  <TestRunConfiguration name="ManagedFusion.Rewriter" id="aceed991-3862-4fd4-8e5b-0413e19a4db9">
    <Description>This is a default test run configuration for a local test run.</Description>
    <CodeCoverage enabled="true" keyFile="C:\Users\Nick\Documents\Projects\Managed Fusion (Open Source)\ManagedFusion.snk">
      <Regular>
        <CodeCoverageItem binaryFile="C:\Users\Nick\Documents\Projects\Managed Fusion (Open Source)\ManagedFusion.Rewriter\Source\bin\Debug\ManagedFusion.Rewriter.dll" pdbFile="C:\Users\Nick\Documents\Projects\Managed Fusion (Open Source)\ManagedFusion.Rewriter\Source\bin\Debug\ManagedFusion.Rewriter.instr.pdb" instrumentInPlace="true">
          <KeyFile path="C:\Users\Nick\Documents\Projects\Managed Fusion (Open Source)\ManagedFusion.snk" />
        </CodeCoverageItem>
      </Regular>
    </CodeCoverage>
    <Deployment runDeploymentRoot="C:\Users\Nick\Documents\Projects\Managed Fusion (Open Source)\ManagedFusion.Rewriter\TestResults\Nick_NICK-LAPTOP 2009-12-11 10_34_51">
      <DeploymentItem filename="C:\Users\Nick\Documents\Projects\Managed Fusion (Open Source)\ManagedFusion.Rewriter\Dependencies\Moq.dll" />
      <DeploymentItem filename="C:\Users\Nick\Documents\Projects\Managed Fusion (Open Source)\ManagedFusion.Rewriter\Source\bin\Release\ManagedFusion.Rewriter.dll" />
    </Deployment>
    <Plugins>
      <Plugin>Microsoft.VisualStudio.TestTools.CodeCoverage.CoveragePlugIn, Microsoft.VisualStudio.QualityTools.Plugins.CodeCoverage, PublicKeyToken=b03f5f7f11d50a3a</Plugin>
    </Plugins>
    <TestTypeSpecific>
      <WebTestRunConfiguration testTypeId="4e7599fa-5ecb-43e9-a887-cd63cf72d207">
        <Browser name="Internet Explorer 7.0">
          <Headers>
            <Header name="User-Agent" value="Mozilla/4.0 (compatible; MSIE 7.0; Windows NT 5.1)" />
            <Header name="Accept" value="*/*" />
            <Header name="Accept-Language" value="{{$IEAcceptLanguage}}" />
            <Header name="Accept-Encoding" value="GZIP" />
          </Headers>
        </Browser>
        <Network Name="LAN" BandwidthInKbps="0" />
      </WebTestRunConfiguration>
    </TestTypeSpecific>
  </TestRunConfiguration>
  <ResultSummary outcome="Failed">
    <Counters total="59" executed="59" error="0" failed="59" timeout="0" aborted="0" inconclusive="0" passedButRunAborted="0" notRunnable="0" notExecuted="0" disconnected="0" warning="0" passed="0" completed="0" inProgress="0" pending="0" />
    <RunInfos>
      <RunInfo computerName="NICK-LAPTOP" outcome="Warning" timestamp="2009-12-11T10:34:53.1391414-05:00">
        <Text>Code coverage instrumentation warning while processing file ManagedFusion.Rewriter.dll:
Warning VSP2013 : Instrumenting this image requires it to run as a 32-bit process.  The CLR header flags have been updated to reflect this.</Text>
      </RunInfo>
      <RunInfo computerName="NICK-LAPTOP" outcome="Warning" timestamp="2009-12-11T10:34:53.1761436-05:00">
        <Text>Warning: conflict during test run deployment: deployment item 'C:\Users\Nick\Documents\Projects\Managed Fusion (Open Source)\ManagedFusion.Rewriter\Source\bin\Release\ManagedFusion.Rewriter.dll' directly or indirectly referenced by C:\Users\Nick\Documents\Projects\Managed Fusion (Open Source)\ManagedFusion.Rewriter\Tests\Unit\bin\Release\ManagedFusion.Rewriter.Test.dll cannot be deployed to 'ManagedFusion.Rewriter.dll' because otherwise the file 'C:\Users\Nick\Documents\Projects\Managed Fusion (Open Source)\ManagedFusion.Rewriter\Source\bin\Release\ManagedFusion.Rewriter.dll' would overwrite code coverage item 'C:\Users\Nick\Documents\Projects\Managed Fusion (Open Source)\ManagedFusion.Rewriter\Source\bin\Debug\ManagedFusion.Rewriter.dll'.</Text>
      </RunInfo>
      <RunInfo computerName="NICK-LAPTOP" outcome="Warning" timestamp="2009-12-11T10:34:53.1761436-05:00">
        <Text>Warning: conflict during test run deployment: deployment item 'c:\users\nick\documents\projects\managed fusion (open source)\managedfusion.rewriter\tests\unit\bin\release\ManagedFusion.Rewriter.dll' directly or indirectly referenced by the test container 'c:\users\nick\documents\projects\managed fusion (open source)\managedfusion.rewriter\tests\unit\bin\release\managedfusion.rewriter.test.dll' cannot be deployed to 'ManagedFusion.Rewriter.dll' because otherwise the file 'c:\users\nick\documents\projects\managed fusion (open source)\managedfusion.rewriter\tests\unit\bin\release\ManagedFusion.Rewriter.dll' would overwrite code coverage item 'C:\Users\Nick\Documents\Projects\Managed Fusion (Open Source)\ManagedFusion.Rewriter\Source\bin\Debug\ManagedFusion.Rewriter.dll'.</Text>
      </RunInfo>
    </RunInfos>
  </ResultSummary>
  <Times creation="2009-12-11T10:34:51.6890585-05:00" queuing="2009-12-11T10:34:53.4561596-05:00" start="2009-12-11T10:34:53.6241692-05:00" finish="2009-12-11T10:34:56.5043339-05:00" />
  <TestDefinitions>
    <UnitTest name="OrNext_FinalMatched" storage="c:\users\nick\documents\projects\managed fusion (open source)\managedfusion.rewriter\tests\unit\bin\release\managedfusion.rewriter.test.dll" id="596269cd-16ac-2940-48cd-6d8261408c8d">
      <Css projectStructure="" iteration="" />
      <Owners>
        <Owner name="" />
      </Owners>
      <Execution id="0c985bd7-adcc-49d5-a28e-fb0a64cb2cf7" />
      <TestMethod codeBase="C:\Users\Nick\Documents\Projects\Managed Fusion (Open Source)\ManagedFusion.Rewriter\Tests\Unit\bin\Release\ManagedFusion.Rewriter.Test.dll" adapterTypeName="Microsoft.VisualStudio.TestTools.TestTypes.Unit.UnitTestAdapter, Microsoft.VisualStudio.QualityTools.Tips.UnitTest.Adapter, Version=9.0.0.0, Culture=neutral, PublicKeyToken=b03f5f7f11d50a3a" className="ManagedFusion.Rewriter.Test.Conditions.Flags.OrNextTest, ManagedFusion.Rewriter.Test" name="OrNext_FinalMatched" />
    </UnitTest>
    <UnitTest name="Redirect_307" storage="c:\users\nick\documents\projects\managed fusion (open source)\managedfusion.rewriter\tests\unit\bin\release\managedfusion.rewriter.test.dll" id="9f7fa01a-0f73-1f04-bb7d-8fb608341132">
      <Css projectStructure="" iteration="" />
      <Owners>
        <Owner name="" />
      </Owners>
      <Execution id="349c65dc-d90a-49a6-a2e5-9d298f30299e" />
      <TestMethod codeBase="C:\Users\Nick\Documents\Projects\Managed Fusion (Open Source)\ManagedFusion.Rewriter\Tests\Unit\bin\Release\ManagedFusion.Rewriter.Test.dll" adapterTypeName="Microsoft.VisualStudio.TestTools.TestTypes.Unit.UnitTestAdapter, Microsoft.VisualStudio.QualityTools.Tips.UnitTest.Adapter, Version=9.0.0.0, Culture=neutral, PublicKeyToken=b03f5f7f11d50a3a" className="ManagedFusion.Rewriter.Test.Rules.Flags.RedirectFlagTest, ManagedFusion.Rewriter.Test" name="Redirect_307" />
    </UnitTest>
    <UnitTest name="VerifyExecuteWithOneConditionalValue" storage="c:\users\nick\documents\projects\managed fusion (open source)\managedfusion.rewriter\tests\unit\bin\release\managedfusion.rewriter.test.dll" id="47702f76-7181-6260-4d97-c4d698c770af">
      <Css projectStructure="" iteration="" />
      <Owners>
        <Owner name="" />
      </Owners>
      <Execution id="616e842a-b842-4011-897d-77060305b7f8" />
      <TestMethod codeBase="C:\Users\Nick\Documents\Projects\Managed Fusion (Open Source)\ManagedFusion.Rewriter\Tests\Unit\bin\Release\ManagedFusion.Rewriter.Test.dll" adapterTypeName="Microsoft.VisualStudio.TestTools.TestTypes.Unit.UnitTestAdapter, Microsoft.VisualStudio.QualityTools.Tips.UnitTest.Adapter, Version=9.0.0.0, Culture=neutral, PublicKeyToken=b03f5f7f11d50a3a" className="ManagedFusion.Rewriter.Rules.Test.DefaultOutputRuleActionTest, ManagedFusion.Rewriter.Test" name="VerifyExecuteWithOneConditionalValue" />
    </UnitTest>
    <UnitTest name="ProxyType" storage="c:\users\nick\documents\projects\managed fusion (open source)\managedfusion.rewriter\tests\unit\bin\release\managedfusion.rewriter.test.dll" id="444f1f01-4e44-8161-e55d-575189cb9197">
      <Css projectStructure="" iteration="" />
      <Owners>
        <Owner name="" />
      </Owners>
      <Execution id="8aabaabd-5ea5-45c3-8556-68971318b83e" />
      <TestMethod codeBase="C:\Users\Nick\Documents\Projects\Managed Fusion (Open Source)\ManagedFusion.Rewriter\Tests\Unit\bin\Release\ManagedFusion.Rewriter.Test.dll" adapterTypeName="Microsoft.VisualStudio.TestTools.TestTypes.Unit.UnitTestAdapter, Microsoft.VisualStudio.QualityTools.Tips.UnitTest.Adapter, Version=9.0.0.0, Culture=neutral, PublicKeyToken=b03f5f7f11d50a3a" className="ManagedFusion.Rewriter.Test.ProxyTest, ManagedFusion.Rewriter.Test" name="ProxyType" />
    </UnitTest>
    <UnitTest name="VerifyExecuteWithServerVariable" storage="c:\users\nick\documents\projects\managed fusion (open source)\managedfusion.rewriter\tests\unit\bin\release\managedfusion.rewriter.test.dll" id="03704e19-0403-4ec7-3628-376579771a2a">
      <Css projectStructure="" iteration="" />
      <Owners>
        <Owner name="" />
      </Owners>
      <Execution id="2c5e11e8-c12e-4619-a23a-4ff9394e32b6" />
      <TestMethod codeBase="C:\Users\Nick\Documents\Projects\Managed Fusion (Open Source)\ManagedFusion.Rewriter\Tests\Unit\bin\Release\ManagedFusion.Rewriter.Test.dll" adapterTypeName="Microsoft.VisualStudio.TestTools.TestTypes.Unit.UnitTestAdapter, Microsoft.VisualStudio.QualityTools.Tips.UnitTest.Adapter, Version=9.0.0.0, Culture=neutral, PublicKeyToken=b03f5f7f11d50a3a" className="ManagedFusion.Rewriter.Rules.Test.DefaultOutputRuleActionTest, ManagedFusion.Rewriter.Test" name="VerifyExecuteWithServerVariable" />
    </UnitTest>
    <UnitTest name="NoCase_Enabled" storage="c:\users\nick\documents\projects\managed fusion (open source)\managedfusion.rewriter\tests\unit\bin\release\managedfusion.rewriter.test.dll" id="01bf85d9-28d5-5b35-8394-74da996c2e3e">
      <Css projectStructure="" iteration="" />
      <Owners>
        <Owner name="" />
      </Owners>
      <Execution id="80e3cdd6-92a4-4003-9b6a-a75fbfacfa47" />
      <TestMethod codeBase="C:\Users\Nick\Documents\Projects\Managed Fusion (Open Source)\ManagedFusion.Rewriter\Tests\Unit\bin\Release\ManagedFusion.Rewriter.Test.dll" adapterTypeName="Microsoft.VisualStudio.TestTools.TestTypes.Unit.UnitTestAdapter, Microsoft.VisualStudio.QualityTools.Tips.UnitTest.Adapter, Version=9.0.0.0, Culture=neutral, PublicKeyToken=b03f5f7f11d50a3a" className="ManagedFusion.Rewriter.Test.Rules.Flags.NoCaseTest, ManagedFusion.Rewriter.Test" name="NoCase_Enabled" />
    </UnitTest>
    <UnitTest name="WordPress" storage="c:\users\nick\documents\projects\managed fusion (open source)\managedfusion.rewriter\tests\unit\bin\release\managedfusion.rewriter.test.dll" id="fde35d16-16e8-d555-4aae-cc8b74634137">
      <Css projectStructure="" iteration="" />
      <Owners>
        <Owner name="" />
      </Owners>
      <Execution id="6a22386b-f54b-4aab-a268-a942c02637cc" />
      <TestMethod codeBase="C:\Users\Nick\Documents\Projects\Managed Fusion (Open Source)\ManagedFusion.Rewriter\Tests\Unit\bin\Release\ManagedFusion.Rewriter.Test.dll" adapterTypeName="Microsoft.VisualStudio.TestTools.TestTypes.Unit.UnitTestAdapter, Microsoft.VisualStudio.QualityTools.Tips.UnitTest.Adapter, Version=9.0.0.0, Culture=neutral, PublicKeyToken=b03f5f7f11d50a3a" className="ManagedFusion.Rewriter.Test.CommonUseTest, ManagedFusion.Rewriter.Test" name="WordPress" />
    </UnitTest>
    <UnitTest name="VerifyExecute" storage="c:\users\nick\documents\projects\managed fusion (open source)\managedfusion.rewriter\tests\unit\bin\release\managedfusion.rewriter.test.dll" id="62e42b25-71cd-fc0c-57b8-d773bfd2a38f">
      <Css projectStructure="" iteration="" />
      <Owners>
        <Owner name="" />
      </Owners>
      <Execution id="1fe0b950-56c3-4f74-8d9d-6012c473d1cf" />
      <TestMethod codeBase="C:\Users\Nick\Documents\Projects\Managed Fusion (Open Source)\ManagedFusion.Rewriter\Tests\Unit\bin\Release\ManagedFusion.Rewriter.Test.dll" adapterTypeName="Microsoft.VisualStudio.TestTools.TestTypes.Unit.UnitTestAdapter, Microsoft.VisualStudio.QualityTools.Tips.UnitTest.Adapter, Version=9.0.0.0, Culture=neutral, PublicKeyToken=b03f5f7f11d50a3a" className="ManagedFusion.Rewriter.Rules.Test.DefaultRuleActionTest, ManagedFusion.Rewriter.Test" name="VerifyExecute" />
    </UnitTest>
    <UnitTest name="ProxyAsyncType" storage="c:\users\nick\documents\projects\managed fusion (open source)\managedfusion.rewriter\tests\unit\bin\release\managedfusion.rewriter.test.dll" id="b1b6dbce-42a8-a6ea-b84f-68a742637ef9">
      <Css projectStructure="" iteration="" />
      <Owners>
        <Owner name="" />
      </Owners>
      <Execution id="63baec51-573e-41c4-835a-434fae5e10cc" />
      <TestMethod codeBase="C:\Users\Nick\Documents\Projects\Managed Fusion (Open Source)\ManagedFusion.Rewriter\Tests\Unit\bin\Release\ManagedFusion.Rewriter.Test.dll" adapterTypeName="Microsoft.VisualStudio.TestTools.TestTypes.Unit.UnitTestAdapter, Microsoft.VisualStudio.QualityTools.Tips.UnitTest.Adapter, Version=9.0.0.0, Culture=neutral, PublicKeyToken=b03f5f7f11d50a3a" className="ManagedFusion.Rewriter.Test.ProxyTest, ManagedFusion.Rewriter.Test" name="ProxyAsyncType" />
    </UnitTest>
    <UnitTest name="VerifyExecute" storage="c:\users\nick\documents\projects\managed fusion (open source)\managedfusion.rewriter\tests\unit\bin\release\managedfusion.rewriter.test.dll" id="a49f4ecd-7238-b358-95c8-1a3be0a7e929">
      <Css projectStructure="" iteration="" />
      <Owners>
        <Owner name="" />
      </Owners>
      <Execution id="b65a90b6-f584-4932-9226-8a47c0658688" />
      <TestMethod codeBase="C:\Users\Nick\Documents\Projects\Managed Fusion (Open Source)\ManagedFusion.Rewriter\Tests\Unit\bin\Release\ManagedFusion.Rewriter.Test.dll" adapterTypeName="Microsoft.VisualStudio.TestTools.TestTypes.Unit.UnitTestAdapter, Microsoft.VisualStudio.QualityTools.Tips.UnitTest.Adapter, Version=9.0.0.0, Culture=neutral, PublicKeyToken=b03f5f7f11d50a3a" className="ManagedFusion.Rewriter.Rules.Test.DefaultOutputRuleActionTest, ManagedFusion.Rewriter.Test" name="VerifyExecute" />
    </UnitTest>
    <UnitTest name="Replace_ServerVariable" storage="c:\users\nick\documents\projects\managed fusion (open source)\managedfusion.rewriter\tests\unit\bin\release\managedfusion.rewriter.test.dll" id="05b2caa2-4dc8-d7de-8ac7-f71c73024290">
      <Css projectStructure="" iteration="" />
      <Owners>
        <Owner name="" />
      </Owners>
      <Execution id="c5c62b0d-c8e4-42ff-99fc-8247b909dcce" />
      <TestMethod codeBase="C:\Users\Nick\Documents\Projects\Managed Fusion (Open Source)\ManagedFusion.Rewriter\Tests\Unit\bin\Release\ManagedFusion.Rewriter.Test.dll" adapterTypeName="Microsoft.VisualStudio.TestTools.TestTypes.Unit.UnitTestAdapter, Microsoft.VisualStudio.QualityTools.Tips.UnitTest.Adapter, Version=9.0.0.0, Culture=neutral, PublicKeyToken=b03f5f7f11d50a3a" className="ManagedFusion.Rewriter.Test.PatternTest, ManagedFusion.Rewriter.Test" name="Replace_ServerVariable" />
    </UnitTest>
    <UnitTest name="VerifyExecuteWithOneConditionalValue" storage="c:\users\nick\documents\projects\managed fusion (open source)\managedfusion.rewriter\tests\unit\bin\release\managedfusion.rewriter.test.dll" id="9620b252-c03b-9ff4-a5b0-a4854560e9d2">
      <Css projectStructure="" iteration="" />
      <Owners>
        <Owner name="" />
      </Owners>
      <Execution id="93ac11d9-e022-4fd6-a1d7-1af087f73724" />
      <TestMethod codeBase="C:\Users\Nick\Documents\Projects\Managed Fusion (Open Source)\ManagedFusion.Rewriter\Tests\Unit\bin\Release\ManagedFusion.Rewriter.Test.dll" adapterTypeName="Microsoft.VisualStudio.TestTools.TestTypes.Unit.UnitTestAdapter, Microsoft.VisualStudio.QualityTools.Tips.UnitTest.Adapter, Version=9.0.0.0, Culture=neutral, PublicKeyToken=b03f5f7f11d50a3a" className="ManagedFusion.Rewriter.Rules.Test.DefaultRuleActionTest, ManagedFusion.Rewriter.Test" name="VerifyExecuteWithOneConditionalValue" />
    </UnitTest>
    <UnitTest name="QueryStringAppend_WithQueryString" storage="c:\users\nick\documents\projects\managed fusion (open source)\managedfusion.rewriter\tests\unit\bin\release\managedfusion.rewriter.test.dll" id="12f6113d-e953-c955-331c-737fb1e2255d">
      <Css projectStructure="" iteration="" />
      <Owners>
        <Owner name="" />
      </Owners>
      <Execution id="77224a61-3d84-456f-ac92-ccedb33eb525" />
      <TestMethod codeBase="C:\Users\Nick\Documents\Projects\Managed Fusion (Open Source)\ManagedFusion.Rewriter\Tests\Unit\bin\Release\ManagedFusion.Rewriter.Test.dll" adapterTypeName="Microsoft.VisualStudio.TestTools.TestTypes.Unit.UnitTestAdapter, Microsoft.VisualStudio.QualityTools.Tips.UnitTest.Adapter, Version=9.0.0.0, Culture=neutral, PublicKeyToken=b03f5f7f11d50a3a" className="ManagedFusion.Rewriter.Test.Rules.Flags.QueryStringAppendFlagTest, ManagedFusion.Rewriter.Test" name="QueryStringAppend_WithQueryString" />
    </UnitTest>
    <UnitTest name="InvertMatch_False" storage="c:\users\nick\documents\projects\managed fusion (open source)\managedfusion.rewriter\tests\unit\bin\release\managedfusion.rewriter.test.dll" id="7bbb9d14-d1bb-00cc-0021-ff5eaa8a9c30">
      <Css projectStructure="" iteration="" />
      <Owners>
        <Owner name="" />
      </Owners>
      <Execution id="0077074b-1f46-4349-a576-2c19bca4e623" />
      <TestMethod codeBase="C:\Users\Nick\Documents\Projects\Managed Fusion (Open Source)\ManagedFusion.Rewriter\Tests\Unit\bin\Release\ManagedFusion.Rewriter.Test.dll" adapterTypeName="Microsoft.VisualStudio.TestTools.TestTypes.Unit.UnitTestAdapter, Microsoft.VisualStudio.QualityTools.Tips.UnitTest.Adapter, Version=9.0.0.0, Culture=neutral, PublicKeyToken=b03f5f7f11d50a3a" className="ManagedFusion.Rewriter.Test.PatternTest, ManagedFusion.Rewriter.Test" name="InvertMatch_False" />
    </UnitTest>
    <UnitTest name="RewriteCondWithHttpHeader" storage="c:\users\nick\documents\projects\managed fusion (open source)\managedfusion.rewriter\tests\unit\bin\release\managedfusion.rewriter.test.dll" id="f0b957b5-43d1-82c2-c039-bed91ca85385">
      <Css projectStructure="" iteration="" />
      <Owners>
        <Owner name="" />
      </Owners>
      <Execution id="a4e621a2-4389-44ab-99d2-7ce8f8ae06c3" />
      <TestMethod codeBase="C:\Users\Nick\Documents\Projects\Managed Fusion (Open Source)\ManagedFusion.Rewriter\Tests\Unit\bin\Release\ManagedFusion.Rewriter.Test.dll" adapterTypeName="Microsoft.VisualStudio.TestTools.TestTypes.Unit.UnitTestAdapter, Microsoft.VisualStudio.QualityTools.Tips.UnitTest.Adapter, Version=9.0.0.0, Culture=neutral, PublicKeyToken=b03f5f7f11d50a3a" className="ManagedFusion.Rewriter.Test.ApacheStyleTest, ManagedFusion.Rewriter.Test" name="RewriteCondWithHttpHeader" />
    </UnitTest>
    <UnitTest name="SimpleRule_WithCondition" storage="c:\users\nick\documents\projects\managed fusion (open source)\managedfusion.rewriter\tests\unit\bin\release\managedfusion.rewriter.test.dll" id="de033c36-efed-744d-1db4-4ce50c4457ed">
      <Css projectStructure="" iteration="" />
      <Owners>
        <Owner name="" />
      </Owners>
      <Execution id="78ec811d-7c24-4936-8cba-9171d7fc5537" />
      <TestMethod codeBase="C:\Users\Nick\Documents\Projects\Managed Fusion (Open Source)\ManagedFusion.Rewriter\Tests\Unit\bin\Release\ManagedFusion.Rewriter.Test.dll" adapterTypeName="Microsoft.VisualStudio.TestTools.TestTypes.Unit.UnitTestAdapter, Microsoft.VisualStudio.QualityTools.Tips.UnitTest.Adapter, Version=9.0.0.0, Culture=neutral, PublicKeyToken=b03f5f7f11d50a3a" className="ManagedFusion.Rewriter.Test.ApacheStyleTest, ManagedFusion.Rewriter.Test" name="SimpleRule_WithCondition" />
    </UnitTest>
    <UnitTest name="Redirect_Found" storage="c:\users\nick\documents\projects\managed fusion (open source)\managedfusion.rewriter\tests\unit\bin\release\managedfusion.rewriter.test.dll" id="f74f8d16-6dd9-55db-6288-2005868870d8">
      <Css projectStructure="" iteration="" />
      <Owners>
        <Owner name="" />
      </Owners>
      <Execution id="792fc553-57dd-410b-8e4f-a12f706c21c1" />
      <TestMethod codeBase="C:\Users\Nick\Documents\Projects\Managed Fusion (Open Source)\ManagedFusion.Rewriter\Tests\Unit\bin\Release\ManagedFusion.Rewriter.Test.dll" adapterTypeName="Microsoft.VisualStudio.TestTools.TestTypes.Unit.UnitTestAdapter, Microsoft.VisualStudio.QualityTools.Tips.UnitTest.Adapter, Version=9.0.0.0, Culture=neutral, PublicKeyToken=b03f5f7f11d50a3a" className="ManagedFusion.Rewriter.Test.Rules.Flags.RedirectFlagTest, ManagedFusion.Rewriter.Test" name="Redirect_Found" />
    </UnitTest>
    <UnitTest name="SimpleRule" storage="c:\users\nick\documents\projects\managed fusion (open source)\managedfusion.rewriter\tests\unit\bin\release\managedfusion.rewriter.test.dll" id="4242f48e-04d8-c77e-a35a-0012ccda7682">
      <Css projectStructure="" iteration="" />
      <Owners>
        <Owner name="" />
      </Owners>
      <Execution id="520b0185-8036-4656-ad59-021301317c2f" />
      <TestMethod codeBase="C:\Users\Nick\Documents\Projects\Managed Fusion (Open Source)\ManagedFusion.Rewriter\Tests\Unit\bin\Release\ManagedFusion.Rewriter.Test.dll" adapterTypeName="Microsoft.VisualStudio.TestTools.TestTypes.Unit.UnitTestAdapter, Microsoft.VisualStudio.QualityTools.Tips.UnitTest.Adapter, Version=9.0.0.0, Culture=neutral, PublicKeyToken=b03f5f7f11d50a3a" className="ManagedFusion.Rewriter.Test.ApacheStyleTest, ManagedFusion.Rewriter.Test" name="SimpleRule" />
    </UnitTest>
    <UnitTest name="ToString_False" storage="c:\users\nick\documents\projects\managed fusion (open source)\managedfusion.rewriter\tests\unit\bin\release\managedfusion.rewriter.test.dll" id="bbd5444f-e1f6-0dee-27a1-13b925659074">
      <Css projectStructure="" iteration="" />
      <Owners>
        <Owner name="" />
      </Owners>
      <Execution id="8c7c2de0-2392-48ca-807d-72f49c9e313f" />
      <TestMethod codeBase="C:\Users\Nick\Documents\Projects\Managed Fusion (Open Source)\ManagedFusion.Rewriter\Tests\Unit\bin\Release\ManagedFusion.Rewriter.Test.dll" adapterTypeName="Microsoft.VisualStudio.TestTools.TestTypes.Unit.UnitTestAdapter, Microsoft.VisualStudio.QualityTools.Tips.UnitTest.Adapter, Version=9.0.0.0, Culture=neutral, PublicKeyToken=b03f5f7f11d50a3a" className="ManagedFusion.Rewriter.Test.PatternTest, ManagedFusion.Rewriter.Test" name="ToString_False" />
    </UnitTest>
    <UnitTest name="VerifyExecuteWithServerVariable" storage="c:\users\nick\documents\projects\managed fusion (open source)\managedfusion.rewriter\tests\unit\bin\release\managedfusion.rewriter.test.dll" id="a2d70069-8de0-7718-8da9-2d906374fb5a">
      <Css projectStructure="" iteration="" />
      <Owners>
        <Owner name="" />
      </Owners>
      <Execution id="dbd650ae-c540-4374-82c1-e3ee46ea685a" />
      <TestMethod codeBase="C:\Users\Nick\Documents\Projects\Managed Fusion (Open Source)\ManagedFusion.Rewriter\Tests\Unit\bin\Release\ManagedFusion.Rewriter.Test.dll" adapterTypeName="Microsoft.VisualStudio.TestTools.TestTypes.Unit.UnitTestAdapter, Microsoft.VisualStudio.QualityTools.Tips.UnitTest.Adapter, Version=9.0.0.0, Culture=neutral, PublicKeyToken=b03f5f7f11d50a3a" className="ManagedFusion.Rewriter.Rules.Test.DefaultRuleActionTest, ManagedFusion.Rewriter.Test" name="VerifyExecuteWithServerVariable" />
    </UnitTest>
    <UnitTest name="Last_First" storage="c:\users\nick\documents\projects\managed fusion (open source)\managedfusion.rewriter\tests\unit\bin\release\managedfusion.rewriter.test.dll" id="f990ae4a-0443-c18c-38fd-47da33e692ad">
      <Css projectStructure="" iteration="" />
      <Owners>
        <Owner name="" />
      </Owners>
      <Execution id="b8cec8bb-2cba-4b6e-b152-8fd119c74274" />
      <TestMethod codeBase="C:\Users\Nick\Documents\Projects\Managed Fusion (Open Source)\ManagedFusion.Rewriter\Tests\Unit\bin\Release\ManagedFusion.Rewriter.Test.dll" adapterTypeName="Microsoft.VisualStudio.TestTools.TestTypes.Unit.UnitTestAdapter, Microsoft.VisualStudio.QualityTools.Tips.UnitTest.Adapter, Version=9.0.0.0, Culture=neutral, PublicKeyToken=b03f5f7f11d50a3a" className="ManagedFusion.Rewriter.Test.Rules.Flags.LastFlagTest, ManagedFusion.Rewriter.Test" name="Last_First" />
    </UnitTest>
    <UnitTest name="QueryStringAppend_WithQueryString_NoQueryStringOnUrl" storage="c:\users\nick\documents\projects\managed fusion (open source)\managedfusion.rewriter\tests\unit\bin\release\managedfusion.rewriter.test.dll" id="8aafa9bc-fa02-f7ef-c349-fd4b0568294c">
      <Css projectStructure="" iteration="" />
      <Owners>
        <Owner name="" />
      </Owners>
      <Execution id="7d603b57-f51e-4336-ba3f-05f0373596e1" />
      <TestMethod codeBase="C:\Users\Nick\Documents\Projects\Managed Fusion (Open Source)\ManagedFusion.Rewriter\Tests\Unit\bin\Release\ManagedFusion.Rewriter.Test.dll" adapterTypeName="Microsoft.VisualStudio.TestTools.TestTypes.Unit.UnitTestAdapter, Microsoft.VisualStudio.QualityTools.Tips.UnitTest.Adapter, Version=9.0.0.0, Culture=neutral, PublicKeyToken=b03f5f7f11d50a3a" className="ManagedFusion.Rewriter.Test.Rules.Flags.QueryStringAppendFlagTest, ManagedFusion.Rewriter.Test" name="QueryStringAppend_WithQueryString_NoQueryStringOnUrl" />
    </UnitTest>
    <UnitTest name="ToString_True" storage="c:\users\nick\documents\projects\managed fusion (open source)\managedfusion.rewriter\tests\unit\bin\release\managedfusion.rewriter.test.dll" id="0d39a281-d2d1-cc58-0cff-ad653dcd5baf">
      <Css projectStructure="" iteration="" />
      <Owners>
        <Owner name="" />
      </Owners>
      <Execution id="6395fb5f-6398-4ad0-b0f4-8bf4be16adb0" />
      <TestMethod codeBase="C:\Users\Nick\Documents\Projects\Managed Fusion (Open Source)\ManagedFusion.Rewriter\Tests\Unit\bin\Release\ManagedFusion.Rewriter.Test.dll" adapterTypeName="Microsoft.VisualStudio.TestTools.TestTypes.Unit.UnitTestAdapter, Microsoft.VisualStudio.QualityTools.Tips.UnitTest.Adapter, Version=9.0.0.0, Culture=neutral, PublicKeyToken=b03f5f7f11d50a3a" className="ManagedFusion.Rewriter.Test.PatternTest, ManagedFusion.Rewriter.Test" name="ToString_True" />
    </UnitTest>
    <UnitTest name="OrNext_NotlMatched" storage="c:\users\nick\documents\projects\managed fusion (open source)\managedfusion.rewriter\tests\unit\bin\release\managedfusion.rewriter.test.dll" id="8802b187-31d4-f320-b25a-8b93f7ba72d3">
      <Css projectStructure="" iteration="" />
      <Owners>
        <Owner name="" />
      </Owners>
      <Execution id="21ce3f2c-bc47-4aca-907d-711995125adb" />
      <TestMethod codeBase="C:\Users\Nick\Documents\Projects\Managed Fusion (Open Source)\ManagedFusion.Rewriter\Tests\Unit\bin\Release\ManagedFusion.Rewriter.Test.dll" adapterTypeName="Microsoft.VisualStudio.TestTools.TestTypes.Unit.UnitTestAdapter, Microsoft.VisualStudio.QualityTools.Tips.UnitTest.Adapter, Version=9.0.0.0, Culture=neutral, PublicKeyToken=b03f5f7f11d50a3a" className="ManagedFusion.Rewriter.Test.Conditions.Flags.OrNextTest, ManagedFusion.Rewriter.Test" name="OrNext_NotlMatched" />
    </UnitTest>
    <UnitTest name="InvertMatch_True" storage="c:\users\nick\documents\projects\managed fusion (open source)\managedfusion.rewriter\tests\unit\bin\release\managedfusion.rewriter.test.dll" id="dfad8bb3-a885-cd20-2adc-7fbec427ffe9">
      <Css projectStructure="" iteration="" />
      <Owners>
        <Owner name="" />
      </Owners>
      <Execution id="7790c10b-7d14-4f36-9d72-62acaed55802" />
      <TestMethod codeBase="C:\Users\Nick\Documents\Projects\Managed Fusion (Open Source)\ManagedFusion.Rewriter\Tests\Unit\bin\Release\ManagedFusion.Rewriter.Test.dll" adapterTypeName="Microsoft.VisualStudio.TestTools.TestTypes.Unit.UnitTestAdapter, Microsoft.VisualStudio.QualityTools.Tips.UnitTest.Adapter, Version=9.0.0.0, Culture=neutral, PublicKeyToken=b03f5f7f11d50a3a" className="ManagedFusion.Rewriter.Test.PatternTest, ManagedFusion.Rewriter.Test" name="InvertMatch_True" />
    </UnitTest>
    <UnitTest name="ToString" storage="c:\users\nick\documents\projects\managed fusion (open source)\managedfusion.rewriter\tests\unit\bin\release\managedfusion.rewriter.test.dll" id="d1844e24-1ebd-397c-8e9f-4726701f6819">
      <Css projectStructure="" iteration="" />
      <Owners>
        <Owner name="" />
      </Owners>
      <Execution id="ed8f635c-72f5-436d-b49f-fb7b7edef1c9" />
      <TestMethod codeBase="C:\Users\Nick\Documents\Projects\Managed Fusion (Open Source)\ManagedFusion.Rewriter\Tests\Unit\bin\Release\ManagedFusion.Rewriter.Test.dll" adapterTypeName="Microsoft.VisualStudio.TestTools.TestTypes.Unit.UnitTestAdapter, Microsoft.VisualStudio.QualityTools.Tips.UnitTest.Adapter, Version=9.0.0.0, Culture=neutral, PublicKeyToken=b03f5f7f11d50a3a" className="ManagedFusion.Rewriter.Test.PatternTest, ManagedFusion.Rewriter.Test" name="ToString" />
    </UnitTest>
    <UnitTest name="NoCase_Disabled" storage="c:\users\nick\documents\projects\managed fusion (open source)\managedfusion.rewriter\tests\unit\bin\release\managedfusion.rewriter.test.dll" id="cd35395e-cf6c-f797-2fff-e5d3622418cd">
      <Css projectStructure="" iteration="" />
      <Owners>
        <Owner name="" />
      </Owners>
      <Execution id="85769391-7333-47ff-bd3e-5836893fff23" />
      <TestMethod codeBase="C:\Users\Nick\Documents\Projects\Managed Fusion (Open Source)\ManagedFusion.Rewriter\Tests\Unit\bin\Release\ManagedFusion.Rewriter.Test.dll" adapterTypeName="Microsoft.VisualStudio.TestTools.TestTypes.Unit.UnitTestAdapter, Microsoft.VisualStudio.QualityTools.Tips.UnitTest.Adapter, Version=9.0.0.0, Culture=neutral, PublicKeyToken=b03f5f7f11d50a3a" className="ManagedFusion.Rewriter.Test.Rules.Flags.NoCaseTest, ManagedFusion.Rewriter.Test" name="NoCase_Disabled" />
    </UnitTest>
    <UnitTest name="NoCase_Enabled" storage="c:\users\nick\documents\projects\managed fusion (open source)\managedfusion.rewriter\tests\unit\bin\release\managedfusion.rewriter.test.dll" id="6c64c205-ed6c-81e6-93bb-ef08219d4290">
      <Css projectStructure="" iteration="" />
      <Owners>
        <Owner name="" />
      </Owners>
      <Execution id="5cf488cc-3f87-4fcc-9307-1085e7cdccb4" />
      <TestMethod codeBase="C:\Users\Nick\Documents\Projects\Managed Fusion (Open Source)\ManagedFusion.Rewriter\Tests\Unit\bin\Release\ManagedFusion.Rewriter.Test.dll" adapterTypeName="Microsoft.VisualStudio.TestTools.TestTypes.Unit.UnitTestAdapter, Microsoft.VisualStudio.QualityTools.Tips.UnitTest.Adapter, Version=9.0.0.0, Culture=neutral, PublicKeyToken=b03f5f7f11d50a3a" className="ManagedFusion.Rewriter.Test.Conditions.Flags.NoCaseTest, ManagedFusion.Rewriter.Test" name="NoCase_Enabled" />
    </UnitTest>
    <UnitTest name="OrNext_LastMatched" storage="c:\users\nick\documents\projects\managed fusion (open source)\managedfusion.rewriter\tests\unit\bin\release\managedfusion.rewriter.test.dll" id="5de29529-1904-95d7-de17-af5d02036249">
      <Css projectStructure="" iteration="" />
      <Owners>
        <Owner name="" />
      </Owners>
      <Execution id="a4722150-7e68-4597-b162-41924b2f6db7" />
      <TestMethod codeBase="C:\Users\Nick\Documents\Projects\Managed Fusion (Open Source)\ManagedFusion.Rewriter\Tests\Unit\bin\Release\ManagedFusion.Rewriter.Test.dll" adapterTypeName="Microsoft.VisualStudio.TestTools.TestTypes.Unit.UnitTestAdapter, Microsoft.VisualStudio.QualityTools.Tips.UnitTest.Adapter, Version=9.0.0.0, Culture=neutral, PublicKeyToken=b03f5f7f11d50a3a" className="ManagedFusion.Rewriter.Test.Conditions.Flags.OrNextTest, ManagedFusion.Rewriter.Test" name="OrNext_LastMatched" />
    </UnitTest>
    <UnitTest name="Chain_MiddleNotMatched" storage="c:\users\nick\documents\projects\managed fusion (open source)\managedfusion.rewriter\tests\unit\bin\release\managedfusion.rewriter.test.dll" id="3e890936-6857-4986-06a6-f310c3e56d41">
      <Css projectStructure="" iteration="" />
      <Owners>
        <Owner name="" />
      </Owners>
      <Execution id="75cf5ff7-f2c4-45c6-8a86-6ff38a0dc544" />
      <TestMethod codeBase="C:\Users\Nick\Documents\Projects\Managed Fusion (Open Source)\ManagedFusion.Rewriter\Tests\Unit\bin\Release\ManagedFusion.Rewriter.Test.dll" adapterTypeName="Microsoft.VisualStudio.TestTools.TestTypes.Unit.UnitTestAdapter, Microsoft.VisualStudio.QualityTools.Tips.UnitTest.Adapter, Version=9.0.0.0, Culture=neutral, PublicKeyToken=b03f5f7f11d50a3a" className="ManagedFusion.Rewriter.Test.Rules.Flags.ChainFlagTest, ManagedFusion.Rewriter.Test" name="Chain_MiddleNotMatched" />
    </UnitTest>
    <UnitTest name="OrNext_FirstMatched" storage="c:\users\nick\documents\projects\managed fusion (open source)\managedfusion.rewriter\tests\unit\bin\release\managedfusion.rewriter.test.dll" id="940e65be-acc6-b3c2-4e3c-ef703615908c">
      <Css projectStructure="" iteration="" />
      <Owners>
        <Owner name="" />
      </Owners>
      <Execution id="2d666f4b-b28c-4c50-82b0-09a520f36468" />
      <TestMethod codeBase="C:\Users\Nick\Documents\Projects\Managed Fusion (Open Source)\ManagedFusion.Rewriter\Tests\Unit\bin\Release\ManagedFusion.Rewriter.Test.dll" adapterTypeName="Microsoft.VisualStudio.TestTools.TestTypes.Unit.UnitTestAdapter, Microsoft.VisualStudio.QualityTools.Tips.UnitTest.Adapter, Version=9.0.0.0, Culture=neutral, PublicKeyToken=b03f5f7f11d50a3a" className="ManagedFusion.Rewriter.Test.Conditions.Flags.OrNextTest, ManagedFusion.Rewriter.Test" name="OrNext_FirstMatched" />
    </UnitTest>
    <UnitTest name="Last_Middle" storage="c:\users\nick\documents\projects\managed fusion (open source)\managedfusion.rewriter\tests\unit\bin\release\managedfusion.rewriter.test.dll" id="697f3c34-8fc2-e439-3501-0e3d8086810c">
      <Css projectStructure="" iteration="" />
      <Owners>
        <Owner name="" />
      </Owners>
      <Execution id="201bb799-760a-4f04-99b4-f6b4d9346e33" />
      <TestMethod codeBase="C:\Users\Nick\Documents\Projects\Managed Fusion (Open Source)\ManagedFusion.Rewriter\Tests\Unit\bin\Release\ManagedFusion.Rewriter.Test.dll" adapterTypeName="Microsoft.VisualStudio.TestTools.TestTypes.Unit.UnitTestAdapter, Microsoft.VisualStudio.QualityTools.Tips.UnitTest.Adapter, Version=9.0.0.0, Culture=neutral, PublicKeyToken=b03f5f7f11d50a3a" className="ManagedFusion.Rewriter.Test.Rules.Flags.LastFlagTest, ManagedFusion.Rewriter.Test" name="Last_Middle" />
    </UnitTest>
    <UnitTest name="ForceHostToUseWww" storage="c:\users\nick\documents\projects\managed fusion (open source)\managedfusion.rewriter\tests\unit\bin\release\managedfusion.rewriter.test.dll" id="6f8929fd-fa82-ef38-e04f-0bb0e74696ae">
      <Css projectStructure="" iteration="" />
      <Owners>
        <Owner name="" />
      </Owners>
      <Execution id="53df4814-ffb2-4185-88cd-5c00dadf8dbd" />
      <TestMethod codeBase="C:\Users\Nick\Documents\Projects\Managed Fusion (Open Source)\ManagedFusion.Rewriter\Tests\Unit\bin\Release\ManagedFusion.Rewriter.Test.dll" adapterTypeName="Microsoft.VisualStudio.TestTools.TestTypes.Unit.UnitTestAdapter, Microsoft.VisualStudio.QualityTools.Tips.UnitTest.Adapter, Version=9.0.0.0, Culture=neutral, PublicKeyToken=b03f5f7f11d50a3a" className="ManagedFusion.Rewriter.Test.CommonUseTest, ManagedFusion.Rewriter.Test" name="ForceHostToUseWww" />
    </UnitTest>
    <UnitTest name="Chain_Matched" storage="c:\users\nick\documents\projects\managed fusion (open source)\managedfusion.rewriter\tests\unit\bin\release\managedfusion.rewriter.test.dll" id="5afd7dca-3d53-1412-c033-74f373fe308e">
      <Css projectStructure="" iteration="" />
      <Owners>
        <Owner name="" />
      </Owners>
      <Execution id="b66088b5-b99e-4626-a38e-a4e99b415bde" />
      <TestMethod codeBase="C:\Users\Nick\Documents\Projects\Managed Fusion (Open Source)\ManagedFusion.Rewriter\Tests\Unit\bin\Release\ManagedFusion.Rewriter.Test.dll" adapterTypeName="Microsoft.VisualStudio.TestTools.TestTypes.Unit.UnitTestAdapter, Microsoft.VisualStudio.QualityTools.Tips.UnitTest.Adapter, Version=9.0.0.0, Culture=neutral, PublicKeyToken=b03f5f7f11d50a3a" className="ManagedFusion.Rewriter.Test.Rules.Flags.ChainFlagTest, ManagedFusion.Rewriter.Test" name="Chain_Matched" />
    </UnitTest>
    <UnitTest name="Chain_LastNotMatched" storage="c:\users\nick\documents\projects\managed fusion (open source)\managedfusion.rewriter\tests\unit\bin\release\managedfusion.rewriter.test.dll" id="4249aa41-497b-e4ca-f0c5-1694ed263f2e">
      <Css projectStructure="" iteration="" />
      <Owners>
        <Owner name="" />
      </Owners>
      <Execution id="da077824-8472-4b80-a113-11607e64e99e" />
      <TestMethod codeBase="C:\Users\Nick\Documents\Projects\Managed Fusion (Open Source)\ManagedFusion.Rewriter\Tests\Unit\bin\Release\ManagedFusion.Rewriter.Test.dll" adapterTypeName="Microsoft.VisualStudio.TestTools.TestTypes.Unit.UnitTestAdapter, Microsoft.VisualStudio.QualityTools.Tips.UnitTest.Adapter, Version=9.0.0.0, Culture=neutral, PublicKeyToken=b03f5f7f11d50a3a" className="ManagedFusion.Rewriter.Test.Rules.Flags.ChainFlagTest, ManagedFusion.Rewriter.Test" name="Chain_LastNotMatched" />
    </UnitTest>
    <UnitTest name="Chain_FirstNotMatched" storage="c:\users\nick\documents\projects\managed fusion (open source)\managedfusion.rewriter\tests\unit\bin\release\managedfusion.rewriter.test.dll" id="7031dde7-6a31-f061-5214-22935b5c314f">
      <Css projectStructure="" iteration="" />
      <Owners>
        <Owner name="" />
      </Owners>
      <Execution id="eec459e6-e112-4472-b0fa-63b474aa7fd5" />
      <TestMethod codeBase="C:\Users\Nick\Documents\Projects\Managed Fusion (Open Source)\ManagedFusion.Rewriter\Tests\Unit\bin\Release\ManagedFusion.Rewriter.Test.dll" adapterTypeName="Microsoft.VisualStudio.TestTools.TestTypes.Unit.UnitTestAdapter, Microsoft.VisualStudio.QualityTools.Tips.UnitTest.Adapter, Version=9.0.0.0, Culture=neutral, PublicKeyToken=b03f5f7f11d50a3a" className="ManagedFusion.Rewriter.Test.Rules.Flags.ChainFlagTest, ManagedFusion.Rewriter.Test" name="Chain_FirstNotMatched" />
    </UnitTest>
    <UnitTest name="OrNext_MiddleMatched" storage="c:\users\nick\documents\projects\managed fusion (open source)\managedfusion.rewriter\tests\unit\bin\release\managedfusion.rewriter.test.dll" id="1412cdb9-1f81-64d7-585d-d013c7d7527c">
      <Css projectStructure="" iteration="" />
      <Owners>
        <Owner name="" />
      </Owners>
      <Execution id="736a3306-514b-4fa4-8909-106853338fbd" />
      <TestMethod codeBase="C:\Users\Nick\Documents\Projects\Managed Fusion (Open Source)\ManagedFusion.Rewriter\Tests\Unit\bin\Release\ManagedFusion.Rewriter.Test.dll" adapterTypeName="Microsoft.VisualStudio.TestTools.TestTypes.Unit.UnitTestAdapter, Microsoft.VisualStudio.QualityTools.Tips.UnitTest.Adapter, Version=9.0.0.0, Culture=neutral, PublicKeyToken=b03f5f7f11d50a3a" className="ManagedFusion.Rewriter.Test.Conditions.Flags.OrNextTest, ManagedFusion.Rewriter.Test" name="OrNext_MiddleMatched" />
    </UnitTest>
    <UnitTest name="RewriteModule_IRuleAction" storage="c:\users\nick\documents\projects\managed fusion (open source)\managedfusion.rewriter\tests\unit\bin\release\managedfusion.rewriter.test.dll" id="8e1b2ab8-8ac1-5707-1174-44639a000966">
      <Css projectStructure="" iteration="" />
      <Owners>
        <Owner name="" />
      </Owners>
      <Execution id="ebb2831b-137d-4202-890c-34f32a246fb5" />
      <TestMethod codeBase="C:\Users\Nick\Documents\Projects\Managed Fusion (Open Source)\ManagedFusion.Rewriter\Tests\Unit\bin\Release\ManagedFusion.Rewriter.Test.dll" adapterTypeName="Microsoft.VisualStudio.TestTools.TestTypes.Unit.UnitTestAdapter, Microsoft.VisualStudio.QualityTools.Tips.UnitTest.Adapter, Version=9.0.0.0, Culture=neutral, PublicKeyToken=b03f5f7f11d50a3a" className="ManagedFusion.Rewriter.Test.ApacheStyleTest, ManagedFusion.Rewriter.Test" name="RewriteModule_IRuleAction" />
    </UnitTest>
    <UnitTest name="AddTrailingSlash" storage="c:\users\nick\documents\projects\managed fusion (open source)\managedfusion.rewriter\tests\unit\bin\release\managedfusion.rewriter.test.dll" id="c1cf6e67-8cb2-fc07-270c-dbe9e35a967a">
      <Css projectStructure="" iteration="" />
      <Owners>
        <Owner name="" />
      </Owners>
      <Execution id="8d47b254-8d7e-4100-9054-a56a14536cbd" />
      <TestMethod codeBase="C:\Users\Nick\Documents\Projects\Managed Fusion (Open Source)\ManagedFusion.Rewriter\Tests\Unit\bin\Release\ManagedFusion.Rewriter.Test.dll" adapterTypeName="Microsoft.VisualStudio.TestTools.TestTypes.Unit.UnitTestAdapter, Microsoft.VisualStudio.QualityTools.Tips.UnitTest.Adapter, Version=9.0.0.0, Culture=neutral, PublicKeyToken=b03f5f7f11d50a3a" className="ManagedFusion.Rewriter.Test.CommonUseTest, ManagedFusion.Rewriter.Test" name="AddTrailingSlash" />
    </UnitTest>
    <UnitTest name="VerifyExecuteWithNineConditionalValues" storage="c:\users\nick\documents\projects\managed fusion (open source)\managedfusion.rewriter\tests\unit\bin\release\managedfusion.rewriter.test.dll" id="442939cc-db83-a0a1-14e7-db3406b8c7d8">
      <Css projectStructure="" iteration="" />
      <Owners>
        <Owner name="" />
      </Owners>
      <Execution id="cda55a70-2b67-4513-9aad-87e59ef83647" />
      <TestMethod codeBase="C:\Users\Nick\Documents\Projects\Managed Fusion (Open Source)\ManagedFusion.Rewriter\Tests\Unit\bin\Release\ManagedFusion.Rewriter.Test.dll" adapterTypeName="Microsoft.VisualStudio.TestTools.TestTypes.Unit.UnitTestAdapter, Microsoft.VisualStudio.QualityTools.Tips.UnitTest.Adapter, Version=9.0.0.0, Culture=neutral, PublicKeyToken=b03f5f7f11d50a3a" className="ManagedFusion.Rewriter.Rules.Test.DefaultOutputRuleActionTest, ManagedFusion.Rewriter.Test" name="VerifyExecuteWithNineConditionalValues" />
    </UnitTest>
    <UnitTest name="Chain_FinalNotMatched" storage="c:\users\nick\documents\projects\managed fusion (open source)\managedfusion.rewriter\tests\unit\bin\release\managedfusion.rewriter.test.dll" id="7ff8b428-89e7-f9b6-6789-df461ef64c19">
      <Css projectStructure="" iteration="" />
      <Owners>
        <Owner name="" />
      </Owners>
      <Execution id="7e69c74c-737a-4dc3-8887-12467d644e4e" />
      <TestMethod codeBase="C:\Users\Nick\Documents\Projects\Managed Fusion (Open Source)\ManagedFusion.Rewriter\Tests\Unit\bin\Release\ManagedFusion.Rewriter.Test.dll" adapterTypeName="Microsoft.VisualStudio.TestTools.TestTypes.Unit.UnitTestAdapter, Microsoft.VisualStudio.QualityTools.Tips.UnitTest.Adapter, Version=9.0.0.0, Culture=neutral, PublicKeyToken=b03f5f7f11d50a3a" className="ManagedFusion.Rewriter.Test.Rules.Flags.ChainFlagTest, ManagedFusion.Rewriter.Test" name="Chain_FinalNotMatched" />
    </UnitTest>
    <UnitTest name="RewriteCondWithServerVariable" storage="c:\users\nick\documents\projects\managed fusion (open source)\managedfusion.rewriter\tests\unit\bin\release\managedfusion.rewriter.test.dll" id="61dbd89a-ae84-9d78-70cc-5b033157abba">
      <Css projectStructure="" iteration="" />
      <Owners>
        <Owner name="" />
      </Owners>
      <Execution id="085de21a-18b7-46a3-90bf-2f4a527d3ec9" />
      <TestMethod codeBase="C:\Users\Nick\Documents\Projects\Managed Fusion (Open Source)\ManagedFusion.Rewriter\Tests\Unit\bin\Release\ManagedFusion.Rewriter.Test.dll" adapterTypeName="Microsoft.VisualStudio.TestTools.TestTypes.Unit.UnitTestAdapter, Microsoft.VisualStudio.QualityTools.Tips.UnitTest.Adapter, Version=9.0.0.0, Culture=neutral, PublicKeyToken=b03f5f7f11d50a3a" className="ManagedFusion.Rewriter.Test.ApacheStyleTest, ManagedFusion.Rewriter.Test" name="RewriteCondWithServerVariable" />
    </UnitTest>
    <UnitTest name="Last_Final" storage="c:\users\nick\documents\projects\managed fusion (open source)\managedfusion.rewriter\tests\unit\bin\release\managedfusion.rewriter.test.dll" id="1245d3e4-9e42-1c4f-7694-c5b71866b4e9">
      <Css projectStructure="" iteration="" />
      <Owners>
        <Owner name="" />
      </Owners>
      <Execution id="8580251c-b85e-421e-a4b4-7fb0d6e6ed33" />
      <TestMethod codeBase="C:\Users\Nick\Documents\Projects\Managed Fusion (Open Source)\ManagedFusion.Rewriter\Tests\Unit\bin\Release\ManagedFusion.Rewriter.Test.dll" adapterTypeName="Microsoft.VisualStudio.TestTools.TestTypes.Unit.UnitTestAdapter, Microsoft.VisualStudio.QualityTools.Tips.UnitTest.Adapter, Version=9.0.0.0, Culture=neutral, PublicKeyToken=b03f5f7f11d50a3a" className="ManagedFusion.Rewriter.Test.Rules.Flags.LastFlagTest, ManagedFusion.Rewriter.Test" name="Last_Final" />
    </UnitTest>
    <UnitTest name="Skip" storage="c:\users\nick\documents\projects\managed fusion (open source)\managedfusion.rewriter\tests\unit\bin\release\managedfusion.rewriter.test.dll" id="d41cb399-0b3b-3c40-8e66-de9df933608d">
      <Css projectStructure="" iteration="" />
      <Owners>
        <Owner name="" />
      </Owners>
      <Execution id="2f7fc1e8-353d-489f-b5c6-31130fadb235" />
      <TestMethod codeBase="C:\Users\Nick\Documents\Projects\Managed Fusion (Open Source)\ManagedFusion.Rewriter\Tests\Unit\bin\Release\ManagedFusion.Rewriter.Test.dll" adapterTypeName="Microsoft.VisualStudio.TestTools.TestTypes.Unit.UnitTestAdapter, Microsoft.VisualStudio.QualityTools.Tips.UnitTest.Adapter, Version=9.0.0.0, Culture=neutral, PublicKeyToken=b03f5f7f11d50a3a" className="ManagedFusion.Rewriter.Test.Rules.Flags.SkipRuleFlagTest, ManagedFusion.Rewriter.Test" name="Skip" />
    </UnitTest>
    <UnitTest name="Redirect_302" storage="c:\users\nick\documents\projects\managed fusion (open source)\managedfusion.rewriter\tests\unit\bin\release\managedfusion.rewriter.test.dll" id="f4c40cf9-ed16-4991-3703-23756accc5ef">
      <Css projectStructure="" iteration="" />
      <Owners>
        <Owner name="" />
      </Owners>
      <Execution id="b5ae91f4-d774-4888-8ce4-b8e7ff9ca98c" />
      <TestMethod codeBase="C:\Users\Nick\Documents\Projects\Managed Fusion (Open Source)\ManagedFusion.Rewriter\Tests\Unit\bin\Release\ManagedFusion.Rewriter.Test.dll" adapterTypeName="Microsoft.VisualStudio.TestTools.TestTypes.Unit.UnitTestAdapter, Microsoft.VisualStudio.QualityTools.Tips.UnitTest.Adapter, Version=9.0.0.0, Culture=neutral, PublicKeyToken=b03f5f7f11d50a3a" className="ManagedFusion.Rewriter.Test.Rules.Flags.RedirectFlagTest, ManagedFusion.Rewriter.Test" name="Redirect_302" />
    </UnitTest>
    <UnitTest name="VerifyExecuteWithTenConditionalValues" storage="c:\users\nick\documents\projects\managed fusion (open source)\managedfusion.rewriter\tests\unit\bin\release\managedfusion.rewriter.test.dll" id="6717138f-8c63-28be-57bc-8c0bdd7192a1">
      <Css projectStructure="" iteration="" />
      <Owners>
        <Owner name="" />
      </Owners>
      <Execution id="fe3d9de2-b111-46c5-9e34-bffb95b153e1" />
      <TestMethod codeBase="C:\Users\Nick\Documents\Projects\Managed Fusion (Open Source)\ManagedFusion.Rewriter\Tests\Unit\bin\Release\ManagedFusion.Rewriter.Test.dll" adapterTypeName="Microsoft.VisualStudio.TestTools.TestTypes.Unit.UnitTestAdapter, Microsoft.VisualStudio.QualityTools.Tips.UnitTest.Adapter, Version=9.0.0.0, Culture=neutral, PublicKeyToken=b03f5f7f11d50a3a" className="ManagedFusion.Rewriter.Rules.Test.DefaultRuleActionTest, ManagedFusion.Rewriter.Test" name="VerifyExecuteWithTenConditionalValues" />
    </UnitTest>
    <UnitTest name="SimpleRule_WithComplexCondition" storage="c:\users\nick\documents\projects\managed fusion (open source)\managedfusion.rewriter\tests\unit\bin\release\managedfusion.rewriter.test.dll" id="ac67d3d1-304b-dd0c-3115-d18a303c218f">
      <Css projectStructure="" iteration="" />
      <Owners>
        <Owner name="" />
      </Owners>
      <Execution id="0ce9f3af-c973-4cd5-8554-f77a18589d39" />
      <TestMethod codeBase="C:\Users\Nick\Documents\Projects\Managed Fusion (Open Source)\ManagedFusion.Rewriter\Tests\Unit\bin\Release\ManagedFusion.Rewriter.Test.dll" adapterTypeName="Microsoft.VisualStudio.TestTools.TestTypes.Unit.UnitTestAdapter, Microsoft.VisualStudio.QualityTools.Tips.UnitTest.Adapter, Version=9.0.0.0, Culture=neutral, PublicKeyToken=b03f5f7f11d50a3a" className="ManagedFusion.Rewriter.Test.ApacheStyleTest, ManagedFusion.Rewriter.Test" name="SimpleRule_WithComplexCondition" />
    </UnitTest>
    <UnitTest name="Redirect_303" storage="c:\users\nick\documents\projects\managed fusion (open source)\managedfusion.rewriter\tests\unit\bin\release\managedfusion.rewriter.test.dll" id="69b3965f-79f3-76d0-4b8e-e7df31f5ce7e">
      <Css projectStructure="" iteration="" />
      <Owners>
        <Owner name="" />
      </Owners>
      <Execution id="636a5fca-908f-4405-aef0-9a2081c4931e" />
      <TestMethod codeBase="C:\Users\Nick\Documents\Projects\Managed Fusion (Open Source)\ManagedFusion.Rewriter\Tests\Unit\bin\Release\ManagedFusion.Rewriter.Test.dll" adapterTypeName="Microsoft.VisualStudio.TestTools.TestTypes.Unit.UnitTestAdapter, Microsoft.VisualStudio.QualityTools.Tips.UnitTest.Adapter, Version=9.0.0.0, Culture=neutral, PublicKeyToken=b03f5f7f11d50a3a" className="ManagedFusion.Rewriter.Test.Rules.Flags.RedirectFlagTest, ManagedFusion.Rewriter.Test" name="Redirect_303" />
    </UnitTest>
    <UnitTest name="Redirect_SeeOther" storage="c:\users\nick\documents\projects\managed fusion (open source)\managedfusion.rewriter\tests\unit\bin\release\managedfusion.rewriter.test.dll" id="a6ed299b-4d36-31d8-266f-991ec84f39dd">
      <Css projectStructure="" iteration="" />
      <Owners>
        <Owner name="" />
      </Owners>
      <Execution id="93ec57d7-5ff7-4152-81e9-fc0fd8cb89ef" />
      <TestMethod codeBase="C:\Users\Nick\Documents\Projects\Managed Fusion (Open Source)\ManagedFusion.Rewriter\Tests\Unit\bin\Release\ManagedFusion.Rewriter.Test.dll" adapterTypeName="Microsoft.VisualStudio.TestTools.TestTypes.Unit.UnitTestAdapter, Microsoft.VisualStudio.QualityTools.Tips.UnitTest.Adapter, Version=9.0.0.0, Culture=neutral, PublicKeyToken=b03f5f7f11d50a3a" className="ManagedFusion.Rewriter.Test.Rules.Flags.RedirectFlagTest, ManagedFusion.Rewriter.Test" name="Redirect_SeeOther" />
    </UnitTest>
    <UnitTest name="QueryStringAppend_WithOutQueryString_NoQueryStringOnUrl" storage="c:\users\nick\documents\projects\managed fusion (open source)\managedfusion.rewriter\tests\unit\bin\release\managedfusion.rewriter.test.dll" id="8ec321b9-df7e-5811-af28-5889b34ea126">
      <Css projectStructure="" iteration="" />
      <Owners>
        <Owner name="" />
      </Owners>
      <Execution id="1995a20e-0277-4438-a1a0-afe70a5f1b49" />
      <TestMethod codeBase="C:\Users\Nick\Documents\Projects\Managed Fusion (Open Source)\ManagedFusion.Rewriter\Tests\Unit\bin\Release\ManagedFusion.Rewriter.Test.dll" adapterTypeName="Microsoft.VisualStudio.TestTools.TestTypes.Unit.UnitTestAdapter, Microsoft.VisualStudio.QualityTools.Tips.UnitTest.Adapter, Version=9.0.0.0, Culture=neutral, PublicKeyToken=b03f5f7f11d50a3a" className="ManagedFusion.Rewriter.Test.Rules.Flags.QueryStringAppendFlagTest, ManagedFusion.Rewriter.Test" name="QueryStringAppend_WithOutQueryString_NoQueryStringOnUrl" />
    </UnitTest>
    <UnitTest name="Next" storage="c:\users\nick\documents\projects\managed fusion (open source)\managedfusion.rewriter\tests\unit\bin\release\managedfusion.rewriter.test.dll" id="6203017b-f0f0-69a4-43de-f73bb061e892">
      <Css projectStructure="" iteration="" />
      <Owners>
        <Owner name="" />
      </Owners>
      <Execution id="7fe72a35-1e6b-4a08-bfa1-db37e3787014" />
      <TestMethod codeBase="C:\Users\Nick\Documents\Projects\Managed Fusion (Open Source)\ManagedFusion.Rewriter\Tests\Unit\bin\Release\ManagedFusion.Rewriter.Test.dll" adapterTypeName="Microsoft.VisualStudio.TestTools.TestTypes.Unit.UnitTestAdapter, Microsoft.VisualStudio.QualityTools.Tips.UnitTest.Adapter, Version=9.0.0.0, Culture=neutral, PublicKeyToken=b03f5f7f11d50a3a" className="ManagedFusion.Rewriter.Test.Rules.Flags.NextRuleFlagTest, ManagedFusion.Rewriter.Test" name="Next" />
    </UnitTest>
    <UnitTest name="Redirect_Temp" storage="c:\users\nick\documents\projects\managed fusion (open source)\managedfusion.rewriter\tests\unit\bin\release\managedfusion.rewriter.test.dll" id="f213e35e-ac49-ca5d-41d6-3bc6581c0b93">
      <Css projectStructure="" iteration="" />
      <Owners>
        <Owner name="" />
      </Owners>
      <Execution id="e9a0166b-747b-49fe-92f4-7ffccd2215c9" />
      <TestMethod codeBase="C:\Users\Nick\Documents\Projects\Managed Fusion (Open Source)\ManagedFusion.Rewriter\Tests\Unit\bin\Release\ManagedFusion.Rewriter.Test.dll" adapterTypeName="Microsoft.VisualStudio.TestTools.TestTypes.Unit.UnitTestAdapter, Microsoft.VisualStudio.QualityTools.Tips.UnitTest.Adapter, Version=9.0.0.0, Culture=neutral, PublicKeyToken=b03f5f7f11d50a3a" className="ManagedFusion.Rewriter.Test.Rules.Flags.RedirectFlagTest, ManagedFusion.Rewriter.Test" name="Redirect_Temp" />
    </UnitTest>
    <UnitTest name="VerifyExecuteWithTenConditionalValues" storage="c:\users\nick\documents\projects\managed fusion (open source)\managedfusion.rewriter\tests\unit\bin\release\managedfusion.rewriter.test.dll" id="81ae2999-0b0a-4f34-f4de-08b6c43ba20a">
      <Css projectStructure="" iteration="" />
      <Owners>
        <Owner name="" />
      </Owners>
      <Execution id="870ace73-652c-485e-a2af-adf7661fe383" />
      <TestMethod codeBase="C:\Users\Nick\Documents\Projects\Managed Fusion (Open Source)\ManagedFusion.Rewriter\Tests\Unit\bin\Release\ManagedFusion.Rewriter.Test.dll" adapterTypeName="Microsoft.VisualStudio.TestTools.TestTypes.Unit.UnitTestAdapter, Microsoft.VisualStudio.QualityTools.Tips.UnitTest.Adapter, Version=9.0.0.0, Culture=neutral, PublicKeyToken=b03f5f7f11d50a3a" className="ManagedFusion.Rewriter.Rules.Test.DefaultOutputRuleActionTest, ManagedFusion.Rewriter.Test" name="VerifyExecuteWithTenConditionalValues" />
    </UnitTest>
    <UnitTest name="VerifyExecuteWithNineConditionalValues" storage="c:\users\nick\documents\projects\managed fusion (open source)\managedfusion.rewriter\tests\unit\bin\release\managedfusion.rewriter.test.dll" id="8aa42663-ef25-f93a-bcab-9c2f5fd2c357">
      <Css projectStructure="" iteration="" />
      <Owners>
        <Owner name="" />
      </Owners>
      <Execution id="4dbb1eaf-15fc-465f-af9e-27a630ab6dfd" />
      <TestMethod codeBase="C:\Users\Nick\Documents\Projects\Managed Fusion (Open Source)\ManagedFusion.Rewriter\Tests\Unit\bin\Release\ManagedFusion.Rewriter.Test.dll" adapterTypeName="Microsoft.VisualStudio.TestTools.TestTypes.Unit.UnitTestAdapter, Microsoft.VisualStudio.QualityTools.Tips.UnitTest.Adapter, Version=9.0.0.0, Culture=neutral, PublicKeyToken=b03f5f7f11d50a3a" className="ManagedFusion.Rewriter.Rules.Test.DefaultRuleActionTest, ManagedFusion.Rewriter.Test" name="VerifyExecuteWithNineConditionalValues" />
    </UnitTest>
    <UnitTest name="QueryStringAppend_WithOutQueryString" storage="c:\users\nick\documents\projects\managed fusion (open source)\managedfusion.rewriter\tests\unit\bin\release\managedfusion.rewriter.test.dll" id="a8eca9e4-21ec-3065-30d5-5fdc0380d052">
      <Css projectStructure="" iteration="" />
      <Owners>
        <Owner name="" />
      </Owners>
      <Execution id="196aa060-2af7-4592-b3d4-2425cc95d16a" />
      <TestMethod codeBase="C:\Users\Nick\Documents\Projects\Managed Fusion (Open Source)\ManagedFusion.Rewriter\Tests\Unit\bin\Release\ManagedFusion.Rewriter.Test.dll" adapterTypeName="Microsoft.VisualStudio.TestTools.TestTypes.Unit.UnitTestAdapter, Microsoft.VisualStudio.QualityTools.Tips.UnitTest.Adapter, Version=9.0.0.0, Culture=neutral, PublicKeyToken=b03f5f7f11d50a3a" className="ManagedFusion.Rewriter.Test.Rules.Flags.QueryStringAppendFlagTest, ManagedFusion.Rewriter.Test" name="QueryStringAppend_WithOutQueryString" />
    </UnitTest>
    <UnitTest name="NoCase_Disabled" storage="c:\users\nick\documents\projects\managed fusion (open source)\managedfusion.rewriter\tests\unit\bin\release\managedfusion.rewriter.test.dll" id="142bb897-0ebb-0e2f-aef8-00ee924bd46c">
      <Css projectStructure="" iteration="" />
      <Owners>
        <Owner name="" />
      </Owners>
      <Execution id="11158725-1d1b-49bb-a1bb-429b46d14ac7" />
      <TestMethod codeBase="C:\Users\Nick\Documents\Projects\Managed Fusion (Open Source)\ManagedFusion.Rewriter\Tests\Unit\bin\Release\ManagedFusion.Rewriter.Test.dll" adapterTypeName="Microsoft.VisualStudio.TestTools.TestTypes.Unit.UnitTestAdapter, Microsoft.VisualStudio.QualityTools.Tips.UnitTest.Adapter, Version=9.0.0.0, Culture=neutral, PublicKeyToken=b03f5f7f11d50a3a" className="ManagedFusion.Rewriter.Test.Conditions.Flags.NoCaseTest, ManagedFusion.Rewriter.Test" name="NoCase_Disabled" />
    </UnitTest>
    <UnitTest name="Redirect_301" storage="c:\users\nick\documents\projects\managed fusion (open source)\managedfusion.rewriter\tests\unit\bin\release\managedfusion.rewriter.test.dll" id="d9bf56bc-f124-3566-be05-4cd385a8a88a">
      <Css projectStructure="" iteration="" />
      <Owners>
        <Owner name="" />
      </Owners>
      <Execution id="974d188a-7560-44fe-8a15-710bff3d2178" />
      <TestMethod codeBase="C:\Users\Nick\Documents\Projects\Managed Fusion (Open Source)\ManagedFusion.Rewriter\Tests\Unit\bin\Release\ManagedFusion.Rewriter.Test.dll" adapterTypeName="Microsoft.VisualStudio.TestTools.TestTypes.Unit.UnitTestAdapter, Microsoft.VisualStudio.QualityTools.Tips.UnitTest.Adapter, Version=9.0.0.0, Culture=neutral, PublicKeyToken=b03f5f7f11d50a3a" className="ManagedFusion.Rewriter.Test.Rules.Flags.RedirectFlagTest, ManagedFusion.Rewriter.Test" name="Redirect_301" />
    </UnitTest>
    <UnitTest name="Redirect_Plain" storage="c:\users\nick\documents\projects\managed fusion (open source)\managedfusion.rewriter\tests\unit\bin\release\managedfusion.rewriter.test.dll" id="39653641-39de-1ab9-0d50-98dca481a8f8">
      <Css projectStructure="" iteration="" />
      <Owners>
        <Owner name="" />
      </Owners>
      <Execution id="ca021ad5-a150-422a-809e-1489af85c6f1" />
      <TestMethod codeBase="C:\Users\Nick\Documents\Projects\Managed Fusion (Open Source)\ManagedFusion.Rewriter\Tests\Unit\bin\Release\ManagedFusion.Rewriter.Test.dll" adapterTypeName="Microsoft.VisualStudio.TestTools.TestTypes.Unit.UnitTestAdapter, Microsoft.VisualStudio.QualityTools.Tips.UnitTest.Adapter, Version=9.0.0.0, Culture=neutral, PublicKeyToken=b03f5f7f11d50a3a" className="ManagedFusion.Rewriter.Test.Rules.Flags.RedirectFlagTest, ManagedFusion.Rewriter.Test" name="Redirect_Plain" />
    </UnitTest>
    <UnitTest name="Redirect_Permanent" storage="c:\users\nick\documents\projects\managed fusion (open source)\managedfusion.rewriter\tests\unit\bin\release\managedfusion.rewriter.test.dll" id="a9347108-6280-abf2-f93c-5d4174e75c37">
      <Css projectStructure="" iteration="" />
      <Owners>
        <Owner name="" />
      </Owners>
      <Execution id="bac905ab-9ef5-4e02-a8c3-084269943fb9" />
      <TestMethod codeBase="C:\Users\Nick\Documents\Projects\Managed Fusion (Open Source)\ManagedFusion.Rewriter\Tests\Unit\bin\Release\ManagedFusion.Rewriter.Test.dll" adapterTypeName="Microsoft.VisualStudio.TestTools.TestTypes.Unit.UnitTestAdapter, Microsoft.VisualStudio.QualityTools.Tips.UnitTest.Adapter, Version=9.0.0.0, Culture=neutral, PublicKeyToken=b03f5f7f11d50a3a" className="ManagedFusion.Rewriter.Test.Rules.Flags.RedirectFlagTest, ManagedFusion.Rewriter.Test" name="Redirect_Permanent" />
    </UnitTest>
  </TestDefinitions>
  <TestLists>
    <TestList name="Results Not in a List" id="8c84fa94-04c1-424b-9868-57a2d4851a1d" />
    <TestList name="All Loaded Results" id="19431567-8539-422a-85d7-44ee4e166bda" />
  </TestLists>
  <TestEntries>
    <TestEntry testId="01bf85d9-28d5-5b35-8394-74da996c2e3e" executionId="80e3cdd6-92a4-4003-9b6a-a75fbfacfa47" testListId="8c84fa94-04c1-424b-9868-57a2d4851a1d" />
    <TestEntry testId="03704e19-0403-4ec7-3628-376579771a2a" executionId="2c5e11e8-c12e-4619-a23a-4ff9394e32b6" testListId="8c84fa94-04c1-424b-9868-57a2d4851a1d" />
    <TestEntry testId="05b2caa2-4dc8-d7de-8ac7-f71c73024290" executionId="c5c62b0d-c8e4-42ff-99fc-8247b909dcce" testListId="8c84fa94-04c1-424b-9868-57a2d4851a1d" />
    <TestEntry testId="0d39a281-d2d1-cc58-0cff-ad653dcd5baf" executionId="6395fb5f-6398-4ad0-b0f4-8bf4be16adb0" testListId="8c84fa94-04c1-424b-9868-57a2d4851a1d" />
    <TestEntry testId="1245d3e4-9e42-1c4f-7694-c5b71866b4e9" executionId="8580251c-b85e-421e-a4b4-7fb0d6e6ed33" testListId="8c84fa94-04c1-424b-9868-57a2d4851a1d" />
    <TestEntry testId="12f6113d-e953-c955-331c-737fb1e2255d" executionId="77224a61-3d84-456f-ac92-ccedb33eb525" testListId="8c84fa94-04c1-424b-9868-57a2d4851a1d" />
    <TestEntry testId="1412cdb9-1f81-64d7-585d-d013c7d7527c" executionId="736a3306-514b-4fa4-8909-106853338fbd" testListId="8c84fa94-04c1-424b-9868-57a2d4851a1d" />
    <TestEntry testId="142bb897-0ebb-0e2f-aef8-00ee924bd46c" executionId="11158725-1d1b-49bb-a1bb-429b46d14ac7" testListId="8c84fa94-04c1-424b-9868-57a2d4851a1d" />
    <TestEntry testId="39653641-39de-1ab9-0d50-98dca481a8f8" executionId="ca021ad5-a150-422a-809e-1489af85c6f1" testListId="8c84fa94-04c1-424b-9868-57a2d4851a1d" />
    <TestEntry testId="3e890936-6857-4986-06a6-f310c3e56d41" executionId="75cf5ff7-f2c4-45c6-8a86-6ff38a0dc544" testListId="8c84fa94-04c1-424b-9868-57a2d4851a1d" />
    <TestEntry testId="4242f48e-04d8-c77e-a35a-0012ccda7682" executionId="520b0185-8036-4656-ad59-021301317c2f" testListId="8c84fa94-04c1-424b-9868-57a2d4851a1d" />
    <TestEntry testId="4249aa41-497b-e4ca-f0c5-1694ed263f2e" executionId="da077824-8472-4b80-a113-11607e64e99e" testListId="8c84fa94-04c1-424b-9868-57a2d4851a1d" />
    <TestEntry testId="442939cc-db83-a0a1-14e7-db3406b8c7d8" executionId="cda55a70-2b67-4513-9aad-87e59ef83647" testListId="8c84fa94-04c1-424b-9868-57a2d4851a1d" />
    <TestEntry testId="444f1f01-4e44-8161-e55d-575189cb9197" executionId="8aabaabd-5ea5-45c3-8556-68971318b83e" testListId="8c84fa94-04c1-424b-9868-57a2d4851a1d" />
    <TestEntry testId="47702f76-7181-6260-4d97-c4d698c770af" executionId="616e842a-b842-4011-897d-77060305b7f8" testListId="8c84fa94-04c1-424b-9868-57a2d4851a1d" />
    <TestEntry testId="596269cd-16ac-2940-48cd-6d8261408c8d" executionId="0c985bd7-adcc-49d5-a28e-fb0a64cb2cf7" testListId="8c84fa94-04c1-424b-9868-57a2d4851a1d" />
    <TestEntry testId="5afd7dca-3d53-1412-c033-74f373fe308e" executionId="b66088b5-b99e-4626-a38e-a4e99b415bde" testListId="8c84fa94-04c1-424b-9868-57a2d4851a1d" />
    <TestEntry testId="5de29529-1904-95d7-de17-af5d02036249" executionId="a4722150-7e68-4597-b162-41924b2f6db7" testListId="8c84fa94-04c1-424b-9868-57a2d4851a1d" />
    <TestEntry testId="61dbd89a-ae84-9d78-70cc-5b033157abba" executionId="085de21a-18b7-46a3-90bf-2f4a527d3ec9" testListId="8c84fa94-04c1-424b-9868-57a2d4851a1d" />
    <TestEntry testId="6203017b-f0f0-69a4-43de-f73bb061e892" executionId="7fe72a35-1e6b-4a08-bfa1-db37e3787014" testListId="8c84fa94-04c1-424b-9868-57a2d4851a1d" />
    <TestEntry testId="62e42b25-71cd-fc0c-57b8-d773bfd2a38f" executionId="1fe0b950-56c3-4f74-8d9d-6012c473d1cf" testListId="8c84fa94-04c1-424b-9868-57a2d4851a1d" />
    <TestEntry testId="6717138f-8c63-28be-57bc-8c0bdd7192a1" executionId="fe3d9de2-b111-46c5-9e34-bffb95b153e1" testListId="8c84fa94-04c1-424b-9868-57a2d4851a1d" />
    <TestEntry testId="697f3c34-8fc2-e439-3501-0e3d8086810c" executionId="201bb799-760a-4f04-99b4-f6b4d9346e33" testListId="8c84fa94-04c1-424b-9868-57a2d4851a1d" />
    <TestEntry testId="69b3965f-79f3-76d0-4b8e-e7df31f5ce7e" executionId="636a5fca-908f-4405-aef0-9a2081c4931e" testListId="8c84fa94-04c1-424b-9868-57a2d4851a1d" />
    <TestEntry testId="6c64c205-ed6c-81e6-93bb-ef08219d4290" executionId="5cf488cc-3f87-4fcc-9307-1085e7cdccb4" testListId="8c84fa94-04c1-424b-9868-57a2d4851a1d" />
    <TestEntry testId="6f8929fd-fa82-ef38-e04f-0bb0e74696ae" executionId="53df4814-ffb2-4185-88cd-5c00dadf8dbd" testListId="8c84fa94-04c1-424b-9868-57a2d4851a1d" />
    <TestEntry testId="7031dde7-6a31-f061-5214-22935b5c314f" executionId="eec459e6-e112-4472-b0fa-63b474aa7fd5" testListId="8c84fa94-04c1-424b-9868-57a2d4851a1d" />
    <TestEntry testId="7bbb9d14-d1bb-00cc-0021-ff5eaa8a9c30" executionId="0077074b-1f46-4349-a576-2c19bca4e623" testListId="8c84fa94-04c1-424b-9868-57a2d4851a1d" />
    <TestEntry testId="7ff8b428-89e7-f9b6-6789-df461ef64c19" executionId="7e69c74c-737a-4dc3-8887-12467d644e4e" testListId="8c84fa94-04c1-424b-9868-57a2d4851a1d" />
    <TestEntry testId="81ae2999-0b0a-4f34-f4de-08b6c43ba20a" executionId="870ace73-652c-485e-a2af-adf7661fe383" testListId="8c84fa94-04c1-424b-9868-57a2d4851a1d" />
    <TestEntry testId="8802b187-31d4-f320-b25a-8b93f7ba72d3" executionId="21ce3f2c-bc47-4aca-907d-711995125adb" testListId="8c84fa94-04c1-424b-9868-57a2d4851a1d" />
    <TestEntry testId="8aa42663-ef25-f93a-bcab-9c2f5fd2c357" executionId="4dbb1eaf-15fc-465f-af9e-27a630ab6dfd" testListId="8c84fa94-04c1-424b-9868-57a2d4851a1d" />
    <TestEntry testId="8aafa9bc-fa02-f7ef-c349-fd4b0568294c" executionId="7d603b57-f51e-4336-ba3f-05f0373596e1" testListId="8c84fa94-04c1-424b-9868-57a2d4851a1d" />
    <TestEntry testId="8e1b2ab8-8ac1-5707-1174-44639a000966" executionId="ebb2831b-137d-4202-890c-34f32a246fb5" testListId="8c84fa94-04c1-424b-9868-57a2d4851a1d" />
    <TestEntry testId="8ec321b9-df7e-5811-af28-5889b34ea126" executionId="1995a20e-0277-4438-a1a0-afe70a5f1b49" testListId="8c84fa94-04c1-424b-9868-57a2d4851a1d" />
    <TestEntry testId="940e65be-acc6-b3c2-4e3c-ef703615908c" executionId="2d666f4b-b28c-4c50-82b0-09a520f36468" testListId="8c84fa94-04c1-424b-9868-57a2d4851a1d" />
    <TestEntry testId="9620b252-c03b-9ff4-a5b0-a4854560e9d2" executionId="93ac11d9-e022-4fd6-a1d7-1af087f73724" testListId="8c84fa94-04c1-424b-9868-57a2d4851a1d" />
    <TestEntry testId="9f7fa01a-0f73-1f04-bb7d-8fb608341132" executionId="349c65dc-d90a-49a6-a2e5-9d298f30299e" testListId="8c84fa94-04c1-424b-9868-57a2d4851a1d" />
    <TestEntry testId="a2d70069-8de0-7718-8da9-2d906374fb5a" executionId="dbd650ae-c540-4374-82c1-e3ee46ea685a" testListId="8c84fa94-04c1-424b-9868-57a2d4851a1d" />
    <TestEntry testId="a49f4ecd-7238-b358-95c8-1a3be0a7e929" executionId="b65a90b6-f584-4932-9226-8a47c0658688" testListId="8c84fa94-04c1-424b-9868-57a2d4851a1d" />
    <TestEntry testId="a6ed299b-4d36-31d8-266f-991ec84f39dd" executionId="93ec57d7-5ff7-4152-81e9-fc0fd8cb89ef" testListId="8c84fa94-04c1-424b-9868-57a2d4851a1d" />
    <TestEntry testId="a8eca9e4-21ec-3065-30d5-5fdc0380d052" executionId="196aa060-2af7-4592-b3d4-2425cc95d16a" testListId="8c84fa94-04c1-424b-9868-57a2d4851a1d" />
    <TestEntry testId="a9347108-6280-abf2-f93c-5d4174e75c37" executionId="bac905ab-9ef5-4e02-a8c3-084269943fb9" testListId="8c84fa94-04c1-424b-9868-57a2d4851a1d" />
    <TestEntry testId="ac67d3d1-304b-dd0c-3115-d18a303c218f" executionId="0ce9f3af-c973-4cd5-8554-f77a18589d39" testListId="8c84fa94-04c1-424b-9868-57a2d4851a1d" />
    <TestEntry testId="b1b6dbce-42a8-a6ea-b84f-68a742637ef9" executionId="63baec51-573e-41c4-835a-434fae5e10cc" testListId="8c84fa94-04c1-424b-9868-57a2d4851a1d" />
    <TestEntry testId="bbd5444f-e1f6-0dee-27a1-13b925659074" executionId="8c7c2de0-2392-48ca-807d-72f49c9e313f" testListId="8c84fa94-04c1-424b-9868-57a2d4851a1d" />
    <TestEntry testId="c1cf6e67-8cb2-fc07-270c-dbe9e35a967a" executionId="8d47b254-8d7e-4100-9054-a56a14536cbd" testListId="8c84fa94-04c1-424b-9868-57a2d4851a1d" />
    <TestEntry testId="cd35395e-cf6c-f797-2fff-e5d3622418cd" executionId="85769391-7333-47ff-bd3e-5836893fff23" testListId="8c84fa94-04c1-424b-9868-57a2d4851a1d" />
    <TestEntry testId="d1844e24-1ebd-397c-8e9f-4726701f6819" executionId="ed8f635c-72f5-436d-b49f-fb7b7edef1c9" testListId="8c84fa94-04c1-424b-9868-57a2d4851a1d" />
    <TestEntry testId="d41cb399-0b3b-3c40-8e66-de9df933608d" executionId="2f7fc1e8-353d-489f-b5c6-31130fadb235" testListId="8c84fa94-04c1-424b-9868-57a2d4851a1d" />
    <TestEntry testId="d9bf56bc-f124-3566-be05-4cd385a8a88a" executionId="974d188a-7560-44fe-8a15-710bff3d2178" testListId="8c84fa94-04c1-424b-9868-57a2d4851a1d" />
    <TestEntry testId="de033c36-efed-744d-1db4-4ce50c4457ed" executionId="78ec811d-7c24-4936-8cba-9171d7fc5537" testListId="8c84fa94-04c1-424b-9868-57a2d4851a1d" />
    <TestEntry testId="dfad8bb3-a885-cd20-2adc-7fbec427ffe9" executionId="7790c10b-7d14-4f36-9d72-62acaed55802" testListId="8c84fa94-04c1-424b-9868-57a2d4851a1d" />
    <TestEntry testId="f0b957b5-43d1-82c2-c039-bed91ca85385" executionId="a4e621a2-4389-44ab-99d2-7ce8f8ae06c3" testListId="8c84fa94-04c1-424b-9868-57a2d4851a1d" />
    <TestEntry testId="f213e35e-ac49-ca5d-41d6-3bc6581c0b93" executionId="e9a0166b-747b-49fe-92f4-7ffccd2215c9" testListId="8c84fa94-04c1-424b-9868-57a2d4851a1d" />
    <TestEntry testId="f4c40cf9-ed16-4991-3703-23756accc5ef" executionId="b5ae91f4-d774-4888-8ce4-b8e7ff9ca98c" testListId="8c84fa94-04c1-424b-9868-57a2d4851a1d" />
    <TestEntry testId="f74f8d16-6dd9-55db-6288-2005868870d8" executionId="792fc553-57dd-410b-8e4f-a12f706c21c1" testListId="8c84fa94-04c1-424b-9868-57a2d4851a1d" />
    <TestEntry testId="f990ae4a-0443-c18c-38fd-47da33e692ad" executionId="b8cec8bb-2cba-4b6e-b152-8fd119c74274" testListId="8c84fa94-04c1-424b-9868-57a2d4851a1d" />
    <TestEntry testId="fde35d16-16e8-d555-4aae-cc8b74634137" executionId="6a22386b-f54b-4aab-a268-a942c02637cc" testListId="8c84fa94-04c1-424b-9868-57a2d4851a1d" />
  </TestEntries>
  <Results>
    <UnitTestResult executionId="80e3cdd6-92a4-4003-9b6a-a75fbfacfa47" testId="01bf85d9-28d5-5b35-8394-74da996c2e3e" testName="NoCase_Enabled" computerName="NICK-LAPTOP" duration="00:00:00" startTime="2009-12-11T10:34:54.0371928-05:00" endTime="2009-12-11T10:34:54.5132200-05:00" testType="13cdc9d9-ddb5-4fa4-a97d-d965ccfc6d4b" outcome="Failed" testListId="8c84fa94-04c1-424b-9868-57a2d4851a1d">
      <Output>
        <ErrorInfo>
          <Message>Unit Test Adapter threw exception: Unable to load one or more of the requested types. Retrieve the LoaderExceptions property for more information..</Message>
        </ErrorInfo>
      </Output>
    </UnitTestResult>
    <UnitTestResult executionId="2c5e11e8-c12e-4619-a23a-4ff9394e32b6" testId="03704e19-0403-4ec7-3628-376579771a2a" testName="VerifyExecuteWithServerVariable" computerName="NICK-LAPTOP" duration="00:00:00" startTime="2009-12-11T10:34:54.5172203-05:00" endTime="2009-12-11T10:34:54.5202204-05:00" testType="13cdc9d9-ddb5-4fa4-a97d-d965ccfc6d4b" outcome="Failed" testListId="8c84fa94-04c1-424b-9868-57a2d4851a1d">
      <Output>
        <ErrorInfo>
          <Message>Unit Test Adapter threw exception: Unable to load one or more of the requested types. Retrieve the LoaderExceptions property for more information..</Message>
        </ErrorInfo>
      </Output>
    </UnitTestResult>
    <UnitTestResult executionId="c5c62b0d-c8e4-42ff-99fc-8247b909dcce" testId="05b2caa2-4dc8-d7de-8ac7-f71c73024290" testName="Replace_ServerVariable" computerName="NICK-LAPTOP" duration="00:00:00" startTime="2009-12-11T10:34:54.5232206-05:00" endTime="2009-12-11T10:34:54.5342212-05:00" testType="13cdc9d9-ddb5-4fa4-a97d-d965ccfc6d4b" outcome="Failed" testListId="8c84fa94-04c1-424b-9868-57a2d4851a1d">
      <Output>
        <ErrorInfo>
          <Message>Unit Test Adapter threw exception: Unable to load one or more of the requested types. Retrieve the LoaderExceptions property for more information..</Message>
        </ErrorInfo>
      </Output>
    </UnitTestResult>
    <UnitTestResult executionId="6395fb5f-6398-4ad0-b0f4-8bf4be16adb0" testId="0d39a281-d2d1-cc58-0cff-ad653dcd5baf" testName="ToString_True" computerName="NICK-LAPTOP" duration="00:00:00" startTime="2009-12-11T10:34:54.5342212-05:00" endTime="2009-12-11T10:34:54.5382215-05:00" testType="13cdc9d9-ddb5-4fa4-a97d-d965ccfc6d4b" outcome="Failed" testListId="8c84fa94-04c1-424b-9868-57a2d4851a1d">
      <Output>
        <ErrorInfo>
          <Message>Unit Test Adapter threw exception: Unable to load one or more of the requested types. Retrieve the LoaderExceptions property for more information..</Message>
        </ErrorInfo>
      </Output>
    </UnitTestResult>
    <UnitTestResult executionId="8580251c-b85e-421e-a4b4-7fb0d6e6ed33" testId="1245d3e4-9e42-1c4f-7694-c5b71866b4e9" testName="Last_Final" computerName="NICK-LAPTOP" duration="00:00:00" startTime="2009-12-11T10:34:54.5392215-05:00" endTime="2009-12-11T10:34:54.5452219-05:00" testType="13cdc9d9-ddb5-4fa4-a97d-d965ccfc6d4b" outcome="Failed" testListId="8c84fa94-04c1-424b-9868-57a2d4851a1d">
      <Output>
        <ErrorInfo>
          <Message>Unit Test Adapter threw exception: Unable to load one or more of the requested types. Retrieve the LoaderExceptions property for more information..</Message>
        </ErrorInfo>
      </Output>
    </UnitTestResult>
    <UnitTestResult executionId="77224a61-3d84-456f-ac92-ccedb33eb525" testId="12f6113d-e953-c955-331c-737fb1e2255d" testName="QueryStringAppend_WithQueryString" computerName="NICK-LAPTOP" duration="00:00:00" startTime="2009-12-11T10:34:54.5462219-05:00" endTime="2009-12-11T10:34:54.5542224-05:00" testType="13cdc9d9-ddb5-4fa4-a97d-d965ccfc6d4b" outcome="Failed" testListId="8c84fa94-04c1-424b-9868-57a2d4851a1d">
      <Output>
        <ErrorInfo>
          <Message>Unit Test Adapter threw exception: Unable to load one or more of the requested types. Retrieve the LoaderExceptions property for more information..</Message>
        </ErrorInfo>
      </Output>
    </UnitTestResult>
    <UnitTestResult executionId="736a3306-514b-4fa4-8909-106853338fbd" testId="1412cdb9-1f81-64d7-585d-d013c7d7527c" testName="OrNext_MiddleMatched" computerName="NICK-LAPTOP" duration="00:00:00" startTime="2009-12-11T10:34:54.5582226-05:00" endTime="2009-12-11T10:34:54.5612228-05:00" testType="13cdc9d9-ddb5-4fa4-a97d-d965ccfc6d4b" outcome="Failed" testListId="8c84fa94-04c1-424b-9868-57a2d4851a1d">
      <Output>
        <ErrorInfo>
          <Message>Unit Test Adapter threw exception: Unable to load one or more of the requested types. Retrieve the LoaderExceptions property for more information..</Message>
        </ErrorInfo>
      </Output>
    </UnitTestResult>
    <UnitTestResult executionId="11158725-1d1b-49bb-a1bb-429b46d14ac7" testId="142bb897-0ebb-0e2f-aef8-00ee924bd46c" testName="NoCase_Disabled" computerName="NICK-LAPTOP" duration="00:00:00" startTime="2009-12-11T10:34:54.5662231-05:00" endTime="2009-12-11T10:34:54.5692232-05:00" testType="13cdc9d9-ddb5-4fa4-a97d-d965ccfc6d4b" outcome="Failed" testListId="8c84fa94-04c1-424b-9868-57a2d4851a1d">
      <Output>
        <ErrorInfo>
          <Message>Unit Test Adapter threw exception: Unable to load one or more of the requested types. Retrieve the LoaderExceptions property for more information..</Message>
        </ErrorInfo>
      </Output>
    </UnitTestResult>
    <UnitTestResult executionId="ca021ad5-a150-422a-809e-1489af85c6f1" testId="39653641-39de-1ab9-0d50-98dca481a8f8" testName="Redirect_Plain" computerName="NICK-LAPTOP" duration="00:00:00" startTime="2009-12-11T10:34:54.5702233-05:00" endTime="2009-12-11T10:34:54.5802239-05:00" testType="13cdc9d9-ddb5-4fa4-a97d-d965ccfc6d4b" outcome="Failed" testListId="8c84fa94-04c1-424b-9868-57a2d4851a1d">
      <Output>
        <ErrorInfo>
          <Message>Unit Test Adapter threw exception: Unable to load one or more of the requested types. Retrieve the LoaderExceptions property for more information..</Message>
        </ErrorInfo>
      </Output>
    </UnitTestResult>
    <UnitTestResult executionId="75cf5ff7-f2c4-45c6-8a86-6ff38a0dc544" testId="3e890936-6857-4986-06a6-f310c3e56d41" testName="Chain_MiddleNotMatched" computerName="NICK-LAPTOP" duration="00:00:00" startTime="2009-12-11T10:34:54.5832240-05:00" endTime="2009-12-11T10:34:54.5882243-05:00" testType="13cdc9d9-ddb5-4fa4-a97d-d965ccfc6d4b" outcome="Failed" testListId="8c84fa94-04c1-424b-9868-57a2d4851a1d">
      <Output>
        <ErrorInfo>
          <Message>Unit Test Adapter threw exception: Unable to load one or more of the requested types. Retrieve the LoaderExceptions property for more information..</Message>
        </ErrorInfo>
      </Output>
    </UnitTestResult>
    <UnitTestResult executionId="520b0185-8036-4656-ad59-021301317c2f" testId="4242f48e-04d8-c77e-a35a-0012ccda7682" testName="SimpleRule" computerName="NICK-LAPTOP" duration="00:00:00" startTime="2009-12-11T10:34:54.5882243-05:00" endTime="2009-12-11T10:34:54.5952247-05:00" testType="13cdc9d9-ddb5-4fa4-a97d-d965ccfc6d4b" outcome="Failed" testListId="8c84fa94-04c1-424b-9868-57a2d4851a1d">
      <Output>
        <ErrorInfo>
          <Message>Unit Test Adapter threw exception: Unable to load one or more of the requested types. Retrieve the LoaderExceptions property for more information..</Message>
        </ErrorInfo>
      </Output>
    </UnitTestResult>
    <UnitTestResult executionId="da077824-8472-4b80-a113-11607e64e99e" testId="4249aa41-497b-e4ca-f0c5-1694ed263f2e" testName="Chain_LastNotMatched" computerName="NICK-LAPTOP" duration="00:00:00" startTime="2009-12-11T10:34:54.5982249-05:00" endTime="2009-12-11T10:34:54.6012251-05:00" testType="13cdc9d9-ddb5-4fa4-a97d-d965ccfc6d4b" outcome="Failed" testListId="8c84fa94-04c1-424b-9868-57a2d4851a1d">
      <Output>
        <ErrorInfo>
          <Message>Unit Test Adapter threw exception: Unable to load one or more of the requested types. Retrieve the LoaderExceptions property for more information..</Message>
        </ErrorInfo>
      </Output>
    </UnitTestResult>
    <UnitTestResult executionId="cda55a70-2b67-4513-9aad-87e59ef83647" testId="442939cc-db83-a0a1-14e7-db3406b8c7d8" testName="VerifyExecuteWithNineConditionalValues" computerName="NICK-LAPTOP" duration="00:00:00" startTime="2009-12-11T10:34:54.6082255-05:00" endTime="2009-12-11T10:34:54.6112256-05:00" testType="13cdc9d9-ddb5-4fa4-a97d-d965ccfc6d4b" outcome="Failed" testListId="8c84fa94-04c1-424b-9868-57a2d4851a1d">
      <Output>
        <ErrorInfo>
          <Message>Unit Test Adapter threw exception: Unable to load one or more of the requested types. Retrieve the LoaderExceptions property for more information..</Message>
        </ErrorInfo>
      </Output>
    </UnitTestResult>
    <UnitTestResult executionId="8aabaabd-5ea5-45c3-8556-68971318b83e" testId="444f1f01-4e44-8161-e55d-575189cb9197" testName="ProxyType" computerName="NICK-LAPTOP" duration="00:00:00" startTime="2009-12-11T10:34:54.6112256-05:00" endTime="2009-12-11T10:34:54.6162259-05:00" testType="13cdc9d9-ddb5-4fa4-a97d-d965ccfc6d4b" outcome="Failed" testListId="8c84fa94-04c1-424b-9868-57a2d4851a1d">
      <Output>
        <ErrorInfo>
          <Message>Unit Test Adapter threw exception: Unable to load one or more of the requested types. Retrieve the LoaderExceptions property for more information..</Message>
        </ErrorInfo>
      </Output>
    </UnitTestResult>
    <UnitTestResult executionId="616e842a-b842-4011-897d-77060305b7f8" testId="47702f76-7181-6260-4d97-c4d698c770af" testName="VerifyExecuteWithOneConditionalValue" computerName="NICK-LAPTOP" duration="00:00:00" startTime="2009-12-11T10:34:54.6172260-05:00" endTime="2009-12-11T10:34:54.6232263-05:00" testType="13cdc9d9-ddb5-4fa4-a97d-d965ccfc6d4b" outcome="Failed" testListId="8c84fa94-04c1-424b-9868-57a2d4851a1d">
      <Output>
        <ErrorInfo>
          <Message>Unit Test Adapter threw exception: Unable to load one or more of the requested types. Retrieve the LoaderExceptions property for more information..</Message>
        </ErrorInfo>
      </Output>
    </UnitTestResult>
    <UnitTestResult executionId="0c985bd7-adcc-49d5-a28e-fb0a64cb2cf7" testId="596269cd-16ac-2940-48cd-6d8261408c8d" testName="OrNext_FinalMatched" computerName="NICK-LAPTOP" duration="00:00:00" startTime="2009-12-11T10:34:54.6232263-05:00" endTime="2009-12-11T10:34:54.6292267-05:00" testType="13cdc9d9-ddb5-4fa4-a97d-d965ccfc6d4b" outcome="Failed" testListId="8c84fa94-04c1-424b-9868-57a2d4851a1d">
      <Output>
        <ErrorInfo>
[...]
      <Output>
        <ErrorInfo>
          <Message>Unit Test Adapter threw exception: Unable to load one or more of the requested types. Retrieve the LoaderExceptions property for more information..</Message>
        </ErrorInfo>
      </Output>
    </UnitTestResult>
    <UnitTestResult executionId="21ce3f2c-bc47-4aca-907d-711995125adb" testId="8802b187-31d4-f320-b25a-8b93f7ba72d3" testName="OrNext_NotlMatched" computerName="NICK-LAPTOP" duration="00:00:00" startTime="2009-12-11T10:34:54.7152316-05:00" endTime="2009-12-11T10:34:54.7202319-05:00" testType="13cdc9d9-ddb5-4fa4-a97d-d965ccfc6d4b" outcome="Failed" testListId="8c84fa94-04c1-424b-9868-57a2d4851a1d">
      <Output>
        <ErrorInfo>
          <Message>Unit Test Adapter threw exception: Unable to load one or more of the requested types. Retrieve the LoaderExceptions property for more information..</Message>
        </ErrorInfo>
      </Output>
    </UnitTestResult>
    <UnitTestResult executionId="4dbb1eaf-15fc-465f-af9e-27a630ab6dfd" testId="8aa42663-ef25-f93a-bcab-9c2f5fd2c357" testName="VerifyExecuteWithNineConditionalValues" computerName="NICK-LAPTOP" duration="00:00:00" startTime="2009-12-11T10:34:54.7252322-05:00" endTime="2009-12-11T10:34:54.7282323-05:00" testType="13cdc9d9-ddb5-4fa4-a97d-d965ccfc6d4b" outcome="Failed" testListId="8c84fa94-04c1-424b-9868-57a2d4851a1d">
      <Output>
        <ErrorInfo>
          <Message>Unit Test Adapter threw exception: Unable to load one or more of the requested types. Retrieve the LoaderExceptions property for more information..</Message>
        </ErrorInfo>
      </Output>
    </UnitTestResult>
    <UnitTestResult executionId="7d603b57-f51e-4336-ba3f-05f0373596e1" testId="8aafa9bc-fa02-f7ef-c349-fd4b0568294c" testName="QueryStringAppend_WithQueryString_NoQueryStringOnUrl" computerName="NICK-LAPTOP" duration="00:00:00" startTime="2009-12-11T10:34:54.7292324-05:00" endTime="2009-12-11T10:34:54.7342327-05:00" testType="13cdc9d9-ddb5-4fa4-a97d-d965ccfc6d4b" outcome="Failed" testListId="8c84fa94-04c1-424b-9868-57a2d4851a1d">
      <Output>
        <ErrorInfo>
          <Message>Unit Test Adapter threw exception: Unable to load one or more of the requested types. Retrieve the LoaderExceptions property for more information..</Message>
        </ErrorInfo>
      </Output>
    </UnitTestResult>
    <UnitTestResult executionId="ebb2831b-137d-4202-890c-34f32a246fb5" testId="8e1b2ab8-8ac1-5707-1174-44639a000966" testName="RewriteModule_IRuleAction" computerName="NICK-LAPTOP" duration="00:00:00" startTime="2009-12-11T10:34:54.7342327-05:00" endTime="2009-12-11T10:34:54.7382329-05:00" testType="13cdc9d9-ddb5-4fa4-a97d-d965ccfc6d4b" outcome="Failed" testListId="8c84fa94-04c1-424b-9868-57a2d4851a1d">
      <Output>
        <ErrorInfo>
          <Message>Unit Test Adapter threw exception: Unable to load one or more of the requested types. Retrieve the LoaderExceptions property for more information..</Message>
        </ErrorInfo>
      </Output>
    </UnitTestResult>
    <UnitTestResult executionId="1995a20e-0277-4438-a1a0-afe70a5f1b49" testId="8ec321b9-df7e-5811-af28-5889b34ea126" testName="QueryStringAppend_WithOutQueryString_NoQueryStringOnUrl" computerName="NICK-LAPTOP" duration="00:00:00" startTime="2009-12-11T10:34:54.7392330-05:00" endTime="2009-12-11T10:34:54.7482335-05:00" testType="13cdc9d9-ddb5-4fa4-a97d-d965ccfc6d4b" outcome="Failed" testListId="8c84fa94-04c1-424b-9868-57a2d4851a1d">
      <Output>
        <ErrorInfo>
          <Message>Unit Test Adapter threw exception: Unable to load one or more of the requested types. Retrieve the LoaderExceptions property for more information..</Message>
        </ErrorInfo>
      </Output>
    </UnitTestResult>
    <UnitTestResult executionId="2d666f4b-b28c-4c50-82b0-09a520f36468" testId="940e65be-acc6-b3c2-4e3c-ef703615908c" testName="OrNext_FirstMatched" computerName="NICK-LAPTOP" duration="00:00:00" startTime="2009-12-11T10:34:54.7482335-05:00" endTime="2009-12-11T10:34:54.7532338-05:00" testType="13cdc9d9-ddb5-4fa4-a97d-d965ccfc6d4b" outcome="Failed" testListId="8c84fa94-04c1-424b-9868-57a2d4851a1d">
      <Output>
        <ErrorInfo>
          <Message>Unit Test Adapter threw exception: Unable to load one or more of the requested types. Retrieve the LoaderExceptions property for more information..</Message>
        </ErrorInfo>
      </Output>
    </UnitTestResult>
    <UnitTestResult executionId="93ac11d9-e022-4fd6-a1d7-1af087f73724" testId="9620b252-c03b-9ff4-a5b0-a4854560e9d2" testName="VerifyExecuteWithOneConditionalValue" computerName="NICK-LAPTOP" duration="00:00:00" startTime="2009-12-11T10:34:54.7542338-05:00" endTime="2009-12-11T10:34:54.7612342-05:00" testType="13cdc9d9-ddb5-4fa4-a97d-d965ccfc6d4b" outcome="Failed" testListId="8c84fa94-04c1-424b-9868-57a2d4851a1d">
      <Output>
        <ErrorInfo>
          <Message>Unit Test Adapter threw exception: Unable to load one or more of the requested types. Retrieve the LoaderExceptions property for more information..</Message>
        </ErrorInfo>
      </Output>
    </UnitTestResult>
    <UnitTestResult executionId="349c65dc-d90a-49a6-a2e5-9d298f30299e" testId="9f7fa01a-0f73-1f04-bb7d-8fb608341132" testName="Redirect_307" computerName="NICK-LAPTOP" duration="00:00:00" startTime="2009-12-11T10:34:54.7622343-05:00" endTime="2009-12-11T10:34:54.7712348-05:00" testType="13cdc9d9-ddb5-4fa4-a97d-d965ccfc6d4b" outcome="Failed" testListId="8c84fa94-04c1-424b-9868-57a2d4851a1d">
      <Output>
        <ErrorInfo>
          <Message>Unit Test Adapter threw exception: Unable to load one or more of the requested types. Retrieve the LoaderExceptions property for more information..</Message>
        </ErrorInfo>
      </Output>
    </UnitTestResult>
    <UnitTestResult executionId="dbd650ae-c540-4374-82c1-e3ee46ea685a" testId="a2d70069-8de0-7718-8da9-2d906374fb5a" testName="VerifyExecuteWithServerVariable" computerName="NICK-LAPTOP" duration="00:00:00" startTime="2009-12-11T10:34:54.7722349-05:00" endTime="2009-12-11T10:34:54.7762351-05:00" testType="13cdc9d9-ddb5-4fa4-a97d-d965ccfc6d4b" outcome="Failed" testListId="8c84fa94-04c1-424b-9868-57a2d4851a1d">
      <Output>
        <ErrorInfo>
          <Message>Unit Test Adapter threw exception: Unable to load one or more of the requested types. Retrieve the LoaderExceptions property for more information..</Message>
        </ErrorInfo>
      </Output>
    </UnitTestResult>
    <UnitTestResult executionId="b65a90b6-f584-4932-9226-8a47c0658688" testId="a49f4ecd-7238-b358-95c8-1a3be0a7e929" testName="VerifyExecute" computerName="NICK-LAPTOP" duration="00:00:00" startTime="2009-12-11T10:34:54.7782352-05:00" endTime="2009-12-11T10:34:54.7972363-05:00" testType="13cdc9d9-ddb5-4fa4-a97d-d965ccfc6d4b" outcome="Failed" testListId="8c84fa94-04c1-424b-9868-57a2d4851a1d">
      <Output>
        <ErrorInfo>
          <Message>Unit Test Adapter threw exception: Unable to load one or more of the requested types. Retrieve the LoaderExceptions property for more information..</Message>
        </ErrorInfo>
      </Output>
    </UnitTestResult>
    <UnitTestResult executionId="93ec57d7-5ff7-4152-81e9-fc0fd8cb89ef" testId="a6ed299b-4d36-31d8-266f-991ec84f39dd" testName="Redirect_SeeOther" computerName="NICK-LAPTOP" duration="00:00:00" startTime="2009-12-11T10:34:54.7992364-05:00" endTime="2009-12-11T10:34:54.8022366-05:00" testType="13cdc9d9-ddb5-4fa4-a97d-d965ccfc6d4b" outcome="Failed" testListId="8c84fa94-04c1-424b-9868-57a2d4851a1d">
      <Output>
        <ErrorInfo>
          <Message>Unit Test Adapter threw exception: Unable to load one or more of the requested types. Retrieve the LoaderExceptions property for more information..</Message>
        </ErrorInfo>
      </Output>
    </UnitTestResult>
    <UnitTestResult executionId="196aa060-2af7-4592-b3d4-2425cc95d16a" testId="a8eca9e4-21ec-3065-30d5-5fdc0380d052" testName="QueryStringAppend_WithOutQueryString" computerName="NICK-LAPTOP" duration="00:00:00" startTime="2009-12-11T10:34:54.8052367-05:00" endTime="2009-12-11T10:34:54.8082369-05:00" testType="13cdc9d9-ddb5-4fa4-a97d-d965ccfc6d4b" outcome="Failed" testListId="8c84fa94-04c1-424b-9868-57a2d4851a1d">
      <Output>
        <ErrorInfo>
          <Message>Unit Test Adapter threw exception: Unable to load one or more of the requested types. Retrieve the LoaderExceptions property for more information..</Message>
        </ErrorInfo>
      </Output>
    </UnitTestResult>
    <UnitTestResult executionId="bac905ab-9ef5-4e02-a8c3-084269943fb9" testId="a9347108-6280-abf2-f93c-5d4174e75c37" testName="Redirect_Permanent" computerName="NICK-LAPTOP" duration="00:00:00" startTime="2009-12-11T10:34:54.8092370-05:00" endTime="2009-12-11T10:34:54.8142373-05:00" testType="13cdc9d9-ddb5-4fa4-a97d-d965ccfc6d4b" outcome="Failed" testListId="8c84fa94-04c1-424b-9868-57a2d4851a1d">
      <Output>
        <ErrorInfo>
          <Message>Unit Test Adapter threw exception: Unable to load one or more of the requested types. Retrieve the LoaderExceptions property for more information..</Message>
        </ErrorInfo>
      </Output>
    </UnitTestResult>
    <UnitTestResult executionId="0ce9f3af-c973-4cd5-8554-f77a18589d39" testId="ac67d3d1-304b-dd0c-3115-d18a303c218f" testName="SimpleRule_WithComplexCondition" computerName="NICK-LAPTOP" duration="00:00:00" startTime="2009-12-11T10:34:54.8162374-05:00" endTime="2009-12-11T10:34:54.8212377-05:00" testType="13cdc9d9-ddb5-4fa4-a97d-d965ccfc6d4b" outcome="Failed" testListId="8c84fa94-04c1-424b-9868-57a2d4851a1d">
      <Output>
        <ErrorInfo>
          <Message>Unit Test Adapter threw exception: Unable to load one or more of the requested types. Retrieve the LoaderExceptions property for more information..</Message>
        </ErrorInfo>
      </Output>
    </UnitTestResult>
    <UnitTestResult executionId="63baec51-573e-41c4-835a-434fae5e10cc" testId="b1b6dbce-42a8-a6ea-b84f-68a742637ef9" testName="ProxyAsyncType" computerName="NICK-LAPTOP" duration="00:00:00" startTime="2009-12-11T10:34:54.8292381-05:00" endTime="2009-12-11T10:34:54.8322383-05:00" testType="13cdc9d9-ddb5-4fa4-a97d-d965ccfc6d4b" outcome="Failed" testListId="8c84fa94-04c1-424b-9868-57a2d4851a1d">
      <Output>
        <ErrorInfo>
          <Message>Unit Test Adapter threw exception: Unable to load one or more of the requested types. Retrieve the LoaderExceptions property for more information..</Message>
        </ErrorInfo>
      </Output>
    </UnitTestResult>
    <UnitTestResult executionId="8c7c2de0-2392-48ca-807d-72f49c9e313f" testId="bbd5444f-e1f6-0dee-27a1-13b925659074" testName="ToString_False" computerName="NICK-LAPTOP" duration="00:00:00" startTime="2009-12-11T10:34:54.8322383-05:00" endTime="2009-12-11T10:34:54.8382386-05:00" testType="13cdc9d9-ddb5-4fa4-a97d-d965ccfc6d4b" outcome="Failed" testListId="8c84fa94-04c1-424b-9868-57a2d4851a1d">
      <Output>
        <ErrorInfo>
          <Message>Unit Test Adapter threw exception: Unable to load one or more of the requested types. Retrieve the LoaderExceptions property for more information..</Message>
        </ErrorInfo>
      </Output>
    </UnitTestResult>
    <UnitTestResult executionId="8d47b254-8d7e-4100-9054-a56a14536cbd" testId="c1cf6e67-8cb2-fc07-270c-dbe9e35a967a" testName="AddTrailingSlash" computerName="NICK-LAPTOP" duration="00:00:00" startTime="2009-12-11T10:34:54.8392387-05:00" endTime="2009-12-11T10:34:54.8452390-05:00" testType="13cdc9d9-ddb5-4fa4-a97d-d965ccfc6d4b" outcome="Failed" testListId="8c84fa94-04c1-424b-9868-57a2d4851a1d">
      <Output>
        <ErrorInfo>
          <Message>Unit Test Adapter threw exception: Unable to load one or more of the requested types. Retrieve the LoaderExceptions property for more information..</Message>
        </ErrorInfo>
      </Output>
    </UnitTestResult>
    <UnitTestResult executionId="85769391-7333-47ff-bd3e-5836893fff23" testId="cd35395e-cf6c-f797-2fff-e5d3622418cd" testName="NoCase_Disabled" computerName="NICK-LAPTOP" duration="00:00:00" startTime="2009-12-11T10:34:54.8452390-05:00" endTime="2009-12-11T10:34:54.8502393-05:00" testType="13cdc9d9-ddb5-4fa4-a97d-d965ccfc6d4b" outcome="Failed" testListId="8c84fa94-04c1-424b-9868-57a2d4851a1d">
      <Output>
        <ErrorInfo>
          <Message>Unit Test Adapter threw exception: Unable to load one or more of the requested types. Retrieve the LoaderExceptions property for more information..</Message>
        </ErrorInfo>
      </Output>
    </UnitTestResult>
    <UnitTestResult executionId="ed8f635c-72f5-436d-b49f-fb7b7edef1c9" testId="d1844e24-1ebd-397c-8e9f-4726701f6819" testName="ToString" computerName="NICK-LAPTOP" duration="00:00:00" startTime="2009-12-11T10:34:54.8512394-05:00" endTime="2009-12-11T10:34:54.8572397-05:00" testType="13cdc9d9-ddb5-4fa4-a97d-d965ccfc6d4b" outcome="Failed" testListId="8c84fa94-04c1-424b-9868-57a2d4851a1d">
      <Output>
        <ErrorInfo>
          <Message>Unit Test Adapter threw exception: Unable to load one or more of the requested types. Retrieve the LoaderExceptions property for more information..</Message>
        </ErrorInfo>
      </Output>
    </UnitTestResult>
    <UnitTestResult executionId="2f7fc1e8-353d-489f-b5c6-31130fadb235" testId="d41cb399-0b3b-3c40-8e66-de9df933608d" testName="Skip" computerName="NICK-LAPTOP" duration="00:00:00" startTime="2009-12-11T10:34:54.8582398-05:00" endTime="2009-12-11T10:34:54.8632401-05:00" testType="13cdc9d9-ddb5-4fa4-a97d-d965ccfc6d4b" outcome="Failed" testListId="8c84fa94-04c1-424b-9868-57a2d4851a1d">
      <Output>
        <ErrorInfo>
          <Message>Unit Test Adapter threw exception: Unable to load one or more of the requested types. Retrieve the LoaderExceptions property for more information..</Message>
        </ErrorInfo>
      </Output>
    </UnitTestResult>
    <UnitTestResult executionId="974d188a-7560-44fe-8a15-710bff3d2178" testId="d9bf56bc-f124-3566-be05-4cd385a8a88a" testName="Redirect_301" computerName="NICK-LAPTOP" duration="00:00:00" startTime="2009-12-11T10:34:54.8642401-05:00" endTime="2009-12-11T10:34:54.8702405-05:00" testType="13cdc9d9-ddb5-4fa4-a97d-d965ccfc6d4b" outcome="Failed" testListId="8c84fa94-04c1-424b-9868-57a2d4851a1d">
      <Output>
        <ErrorInfo>
          <Message>Unit Test Adapter threw exception: Unable to load one or more of the requested types. Retrieve the LoaderExceptions property for more information..</Message>
        </ErrorInfo>
      </Output>
    </UnitTestResult>
    <UnitTestResult executionId="78ec811d-7c24-4936-8cba-9171d7fc5537" testId="de033c36-efed-744d-1db4-4ce50c4457ed" testName="SimpleRule_WithCondition" computerName="NICK-LAPTOP" duration="00:00:00" startTime="2009-12-11T10:34:54.8702405-05:00" endTime="2009-12-11T10:34:54.8792410-05:00" testType="13cdc9d9-ddb5-4fa4-a97d-d965ccfc6d4b" outcome="Failed" testListId="8c84fa94-04c1-424b-9868-57a2d4851a1d">
      <Output>
        <ErrorInfo>
          <Message>Unit Test Adapter threw exception: Unable to load one or more of the requested types. Retrieve the LoaderExceptions property for more information..</Message>
        </ErrorInfo>
      </Output>
    </UnitTestResult>
    <UnitTestResult executionId="7790c10b-7d14-4f36-9d72-62acaed55802" testId="dfad8bb3-a885-cd20-2adc-7fbec427ffe9" testName="InvertMatch_True" computerName="NICK-LAPTOP" duration="00:00:00" startTime="2009-12-11T10:34:54.8802410-05:00" endTime="2009-12-11T10:34:54.8852413-05:00" testType="13cdc9d9-ddb5-4fa4-a97d-d965ccfc6d4b" outcome="Failed" testListId="8c84fa94-04c1-424b-9868-57a2d4851a1d">
      <Output>
        <ErrorInfo>
          <Message>Unit Test Adapter threw exception: Unable to load one or more of the requested types. Retrieve the LoaderExceptions property for more information..</Message>
        </ErrorInfo>
      </Output>
    </UnitTestResult>
    <UnitTestResult executionId="a4e621a2-4389-44ab-99d2-7ce8f8ae06c3" testId="f0b957b5-43d1-82c2-c039-bed91ca85385" testName="RewriteCondWithHttpHeader" computerName="NICK-LAPTOP" duration="00:00:00" startTime="2009-12-11T10:34:54.8852413-05:00" endTime="2009-12-11T10:34:54.8932418-05:00" testType="13cdc9d9-ddb5-4fa4-a97d-d965ccfc6d4b" outcome="Failed" testListId="8c84fa94-04c1-424b-9868-57a2d4851a1d">
      <Output>
        <ErrorInfo>
          <Message>Unit Test Adapter threw exception: Unable to load one or more of the requested types. Retrieve the LoaderExceptions property for more information..</Message>
        </ErrorInfo>
      </Output>
    </UnitTestResult>
    <UnitTestResult executionId="e9a0166b-747b-49fe-92f4-7ffccd2215c9" testId="f213e35e-ac49-ca5d-41d6-3bc6581c0b93" testName="Redirect_Temp" computerName="NICK-LAPTOP" duration="00:00:00" startTime="2009-12-11T10:34:54.8932418-05:00" endTime="2009-12-11T10:34:54.8982421-05:00" testType="13cdc9d9-ddb5-4fa4-a97d-d965ccfc6d4b" outcome="Failed" testListId="8c84fa94-04c1-424b-9868-57a2d4851a1d">
      <Output>
        <ErrorInfo>
          <Message>Unit Test Adapter threw exception: Unable to load one or more of the requested types. Retrieve the LoaderExceptions property for more information..</Message>
        </ErrorInfo>
      </Output>
    </UnitTestResult>
    <UnitTestResult executionId="b5ae91f4-d774-4888-8ce4-b8e7ff9ca98c" testId="f4c40cf9-ed16-4991-3703-23756accc5ef" testName="Redirect_302" computerName="NICK-LAPTOP" duration="00:00:00" startTime="2009-12-11T10:34:54.8992421-05:00" endTime="2009-12-11T10:34:54.9052425-05:00" testType="13cdc9d9-ddb5-4fa4-a97d-d965ccfc6d4b" outcome="Failed" testListId="8c84fa94-04c1-424b-9868-57a2d4851a1d">
      <Output>
        <ErrorInfo>
          <Message>Unit Test Adapter threw exception: Unable to load one or more of the requested types. Retrieve the LoaderExceptions property for more information..</Message>
        </ErrorInfo>
      </Output>
    </UnitTestResult>
    <UnitTestResult executionId="792fc553-57dd-410b-8e4f-a12f706c21c1" testId="f74f8d16-6dd9-55db-6288-2005868870d8" testName="Redirect_Found" computerName="NICK-LAPTOP" duration="00:00:00" startTime="2009-12-11T10:34:54.9052425-05:00" endTime="2009-12-11T10:34:54.9102427-05:00" testType="13cdc9d9-ddb5-4fa4-a97d-d965ccfc6d4b" outcome="Failed" testListId="8c84fa94-04c1-424b-9868-57a2d4851a1d">
      <Output>
        <ErrorInfo>
          <Message>Unit Test Adapter threw exception: Unable to load one or more of the requested types. Retrieve the LoaderExceptions property for more information..</Message>
        </ErrorInfo>
      </Output>
    </UnitTestResult>
    <UnitTestResult executionId="b8cec8bb-2cba-4b6e-b152-8fd119c74274" testId="f990ae4a-0443-c18c-38fd-47da33e692ad" testName="Last_First" computerName="NICK-LAPTOP" duration="00:00:00" startTime="2009-12-11T10:34:54.9112428-05:00" endTime="2009-12-11T10:34:54.9202433-05:00" testType="13cdc9d9-ddb5-4fa4-a97d-d965ccfc6d4b" outcome="Failed" testListId="8c84fa94-04c1-424b-9868-57a2d4851a1d">
      <Output>
        <ErrorInfo>
          <Message>Unit Test Adapter threw exception: Unable to load one or more of the requested types. Retrieve the LoaderExceptions property for more information..</Message>
        </ErrorInfo>
      </Output>
    </UnitTestResult>
    <UnitTestResult executionId="6a22386b-f54b-4aab-a268-a942c02637cc" testId="fde35d16-16e8-d555-4aae-cc8b74634137" testName="WordPress" computerName="NICK-LAPTOP" duration="00:00:00" startTime="2009-12-11T10:34:54.9212434-05:00" endTime="2009-12-11T10:34:54.9272437-05:00" testType="13cdc9d9-ddb5-4fa4-a97d-d965ccfc6d4b" outcome="Failed" testListId="8c84fa94-04c1-424b-9868-57a2d4851a1d">
      <Output>
        <ErrorInfo>
          <Message>Unit Test Adapter threw exception: Unable to load one or more of the requested types. Retrieve the LoaderExceptions property for more information..</Message>
        </ErrorInfo>
      </Output>
    </UnitTestResult>
  </Results>
</TestRun>